  fileSystem.cpp
D:\code\codeProjects\rocketSimulation\Simulation\FileSystem\Instructions.hpp(8,16): error C2061: syntax error: identifier 'String'
D:\code\codeProjects\rocketSimulation\Simulation\FileSystem\Instructions.hpp(12,10): error C2065: 'String': undeclared identifier
D:\code\codeProjects\rocketSimulation\Simulation\FileSystem\Instructions.hpp(12,3): error C7568: argument list missing after assumed function template 'Vector'
D:\code\codeProjects\rocketSimulation\Simulation\FileSystem\Instructions.hpp(12,49): error C4430: missing type specifier - int assumed. Note: C++ does not support default-int
D:\code\codeProjects\rocketSimulation\Simulation\FileSystem\Instructions.hpp(12,49): error C2143: syntax error: missing ',' before '&'
D:\code\codeProjects\rocketSimulation\Simulation\FileSystem\Instructions.hpp(13,10): error C2065: 'String': undeclared identifier
D:\code\codeProjects\rocketSimulation\Simulation\FileSystem\Instructions.hpp(13,3): error C7568: argument list missing after assumed function template 'Vector'
D:\code\codeProjects\rocketSimulation\Simulation\FileSystem\Instructions.hpp(14,32): error C4430: missing type specifier - int assumed. Note: C++ does not support default-int
D:\code\codeProjects\rocketSimulation\Simulation\FileSystem\Instructions.hpp(14,32): error C2143: syntax error: missing ',' before '&'
D:\code\codeProjects\rocketSimulation\Simulation\FileSystem\Instructions.hpp(15,23): error C2061: syntax error: identifier 'String'
D:\code\codeProjects\rocketSimulation\Simulation\FileSystem\Instructions.hpp(20,10): error C2065: 'String': undeclared identifier
D:\code\codeProjects\rocketSimulation\Simulation\FileSystem\Instructions.hpp(20,3): error C7568: argument list missing after assumed function template 'Vector'
D:\code\codeProjects\rocketSimulation\Simulation\FileSystem\Instructions.hpp(21,9): error C2143: syntax error: missing ';' before '*'
D:\code\codeProjects\rocketSimulation\Simulation\FileSystem\Instructions.hpp(21,9): error C4430: missing type specifier - int assumed. Note: C++ does not support default-int
D:\code\codeProjects\rocketSimulation\Simulation\FileSystem\Instructions.hpp(21,18): error C2238: unexpected token(s) preceding ';'
D:\code\codeProjects\rocketSimulation\Simulation\FileSystem\Instructions.hpp(24,7): error C2182: 'assignRocketInstructions': illegal use of type 'void'
D:\code\codeProjects\rocketSimulation\Simulation\FileSystem\Instructions.hpp(24,32): error C2065: 'Rocket': undeclared identifier
D:\code\codeProjects\rocketSimulation\Simulation\FileSystem\Instructions.hpp(24,40): error C2065: 'rocket': undeclared identifier
D:\code\codeProjects\rocketSimulation\Simulation\FileSystem\Instructions.hpp(24,48): error C2143: syntax error: missing ';' before '{'
D:\code\codeProjects\rocketSimulation\Simulation\FileSystem\Instructions.hpp(24,48): error C2447: '{': missing function header (old-style formal list?)
D:\code\codeProjects\rocketSimulation\Simulation\helpers\controles.hpp(94,4): error C2382: 'abs': redefinition; different exception specifications
C:\Program Files\Microsoft Visual Studio\2022\Community\VC\Tools\MSVC\14.30.30705\include\cstdlib(31): message : see declaration of 'abs'
D:\code\codeProjects\rocketSimulation\Simulation\helpers\controles.hpp(154,16): error C2065: 'Instructions': undeclared identifier
D:\code\codeProjects\rocketSimulation\Simulation\helpers\controles.hpp(154,9): error C2923: 'Database::Vector': 'Instructions' is not a valid template type argument for parameter 'T'
D:\code\codeProjects\rocketSimulation\Simulation\helpers\controles.hpp(154): message : see declaration of 'Instructions'
D:\code\codeProjects\rocketSimulation\Simulation\helpers\controles.hpp(154,43): error C2955: 'Database::Vector': use of class template requires template argument list
D:\code\codeProjects\rocketSimulation\externalLibs\database\include\Vector.hpp(8): message : see declaration of 'Database::Vector'
  Instructions.cpp
D:\code\codeProjects\rocketSimulation\Simulation\helpers\controles.hpp(94,4): error C2382: 'abs': redefinition; different exception specifications
C:\Program Files\Microsoft Visual Studio\2022\Community\VC\Tools\MSVC\14.30.30705\include\cstdlib(31): message : see declaration of 'abs'
D:\code\codeProjects\rocketSimulation\Simulation\helpers\controles.hpp(154,16): error C2065: 'Instructions': undeclared identifier
D:\code\codeProjects\rocketSimulation\Simulation\helpers\controles.hpp(154,9): error C2923: 'Database::Vector': 'Instructions' is not a valid template type argument for parameter 'T'
D:\code\codeProjects\rocketSimulation\Simulation\helpers\controles.hpp(154): message : see declaration of 'Instructions'
D:\code\codeProjects\rocketSimulation\Simulation\helpers\controles.hpp(154,43): error C2955: 'Database::Vector': use of class template requires template argument list
D:\code\codeProjects\rocketSimulation\externalLibs\database\include\Vector.hpp(8): message : see declaration of 'Database::Vector'
  LoadManager.cpp
D:\code\codeProjects\rocketSimulation\Simulation\FileSystem\Instructions.hpp(8,16): error C2061: syntax error: identifier 'String'
D:\code\codeProjects\rocketSimulation\Simulation\FileSystem\Instructions.hpp(12,10): error C2065: 'String': undeclared identifier
D:\code\codeProjects\rocketSimulation\Simulation\FileSystem\Instructions.hpp(12,3): error C7568: argument list missing after assumed function template 'Vector'
D:\code\codeProjects\rocketSimulation\Simulation\FileSystem\Instructions.hpp(12,49): error C4430: missing type specifier - int assumed. Note: C++ does not support default-int
D:\code\codeProjects\rocketSimulation\Simulation\FileSystem\Instructions.hpp(12,49): error C2143: syntax error: missing ',' before '&'
D:\code\codeProjects\rocketSimulation\Simulation\FileSystem\Instructions.hpp(13,10): error C2065: 'String': undeclared identifier
D:\code\codeProjects\rocketSimulation\Simulation\FileSystem\Instructions.hpp(13,3): error C7568: argument list missing after assumed function template 'Vector'
D:\code\codeProjects\rocketSimulation\Simulation\FileSystem\Instructions.hpp(14,32): error C4430: missing type specifier - int assumed. Note: C++ does not support default-int
D:\code\codeProjects\rocketSimulation\Simulation\FileSystem\Instructions.hpp(14,32): error C2143: syntax error: missing ',' before '&'
D:\code\codeProjects\rocketSimulation\Simulation\FileSystem\Instructions.hpp(15,23): error C2061: syntax error: identifier 'String'
D:\code\codeProjects\rocketSimulation\Simulation\FileSystem\Instructions.hpp(20,10): error C2065: 'String': undeclared identifier
D:\code\codeProjects\rocketSimulation\Simulation\FileSystem\Instructions.hpp(20,3): error C7568: argument list missing after assumed function template 'Vector'
D:\code\codeProjects\rocketSimulation\Simulation\FileSystem\Instructions.hpp(21,9): error C2143: syntax error: missing ';' before '*'
D:\code\codeProjects\rocketSimulation\Simulation\FileSystem\Instructions.hpp(21,9): error C4430: missing type specifier - int assumed. Note: C++ does not support default-int
D:\code\codeProjects\rocketSimulation\Simulation\FileSystem\Instructions.hpp(21,18): error C2238: unexpected token(s) preceding ';'
D:\code\codeProjects\rocketSimulation\Simulation\FileSystem\Instructions.hpp(24,7): error C2182: 'assignRocketInstructions': illegal use of type 'void'
D:\code\codeProjects\rocketSimulation\Simulation\FileSystem\Instructions.hpp(24,32): error C2065: 'Rocket': undeclared identifier
D:\code\codeProjects\rocketSimulation\Simulation\FileSystem\Instructions.hpp(24,40): error C2065: 'rocket': undeclared identifier
D:\code\codeProjects\rocketSimulation\Simulation\FileSystem\Instructions.hpp(24,48): error C2143: syntax error: missing ';' before '{'
D:\code\codeProjects\rocketSimulation\Simulation\FileSystem\Instructions.hpp(24,48): error C2447: '{': missing function header (old-style formal list?)
D:\code\codeProjects\rocketSimulation\Simulation\helpers\controles.hpp(94,4): error C2382: 'abs': redefinition; different exception specifications
C:\Program Files\Microsoft Visual Studio\2022\Community\VC\Tools\MSVC\14.30.30705\include\cstdlib(31): message : see declaration of 'abs'
D:\code\codeProjects\rocketSimulation\Simulation\helpers\controles.hpp(154,16): error C2065: 'Instructions': undeclared identifier
D:\code\codeProjects\rocketSimulation\Simulation\helpers\controles.hpp(154,9): error C2923: 'Database::Vector': 'Instructions' is not a valid template type argument for parameter 'T'
D:\code\codeProjects\rocketSimulation\Simulation\helpers\controles.hpp(154): message : see declaration of 'Instructions'
D:\code\codeProjects\rocketSimulation\Simulation\helpers\controles.hpp(154,43): error C2955: 'Database::Vector': use of class template requires template argument list
D:\code\codeProjects\rocketSimulation\externalLibs\database\include\Vector.hpp(8): message : see declaration of 'Database::Vector'
D:\code\codeProjects\rocketSimulation\Simulation\FileSystem\LoadManager.cpp(25,77): error C2280: 'PhysicsPlanet &PhysicsPlanet::operator =(const PhysicsPlanet &)': attempting to reference a deleted function
D:\code\codeProjects\rocketSimulation\Simulation\planet.hpp(77): message : compiler has generated 'PhysicsPlanet::operator =' here
D:\code\codeProjects\rocketSimulation\Simulation\planet.hpp(77,1): message : 'PhysicsPlanet &PhysicsPlanet::operator =(const PhysicsPlanet &)': function was implicitly deleted because a base class invokes a deleted or inaccessible function 'Planet &Planet::operator =(const Planet &)'
D:\code\codeProjects\rocketSimulation\Simulation\planet.hpp(64,1): message : 'Planet &Planet::operator =(const Planet &)': function was implicitly deleted because a data member invokes a deleted or inaccessible function 'Database::ReadFile<ld> &Database::ReadFile<ld>::operator =(const Database::ReadFile<ld> &)'
D:\code\codeProjects\rocketSimulation\externalLibs\database\include\ReadFile.hpp(36,1): message : 'Database::ReadFile<ld> &Database::ReadFile<ld>::operator =(const Database::ReadFile<ld> &)': function was implicitly deleted because 'Database::ReadFile<ld>' has a data member 'Database::ReadFile<ld>::splitByte' of const-qualified non-class type
D:\code\codeProjects\rocketSimulation\externalLibs\database\include\ReadFile.hpp(19): message : see declaration of 'Database::ReadFile<ld>::splitByte'
D:\code\codeProjects\rocketSimulation\Simulation\FileSystem\LoadManager.cpp(27,81): error C2280: 'FixedOrbitPlanet &FixedOrbitPlanet::operator =(const FixedOrbitPlanet &)': attempting to reference a deleted function
D:\code\codeProjects\rocketSimulation\Simulation\planet.hpp(90): message : compiler has generated 'FixedOrbitPlanet::operator =' here
D:\code\codeProjects\rocketSimulation\Simulation\planet.hpp(90,1): message : 'FixedOrbitPlanet &FixedOrbitPlanet::operator =(const FixedOrbitPlanet &)': function was implicitly deleted because a base class invokes a deleted or inaccessible function 'Planet &Planet::operator =(const Planet &)'
D:\code\codeProjects\rocketSimulation\Simulation\planet.hpp(64,1): message : 'Planet &Planet::operator =(const Planet &)': function was implicitly deleted because a data member invokes a deleted or inaccessible function 'Database::ReadFile<ld> &Database::ReadFile<ld>::operator =(const Database::ReadFile<ld> &)'
D:\code\codeProjects\rocketSimulation\externalLibs\database\include\ReadFile.hpp(36,1): message : 'Database::ReadFile<ld> &Database::ReadFile<ld>::operator =(const Database::ReadFile<ld> &)': function was implicitly deleted because 'Database::ReadFile<ld>' has a data member 'Database::ReadFile<ld>::splitByte' of const-qualified non-class type
D:\code\codeProjects\rocketSimulation\externalLibs\database\include\ReadFile.hpp(19): message : see declaration of 'Database::ReadFile<ld>::splitByte'
D:\code\codeProjects\rocketSimulation\Simulation\FileSystem\LoadManager.cpp(113,6): error C2678: binary '[': no operator found which takes a left-hand operand of type 'const std::unordered_map<Database::String,Database::String,std::hash<Database::String>,std::equal_to<Database::String>,std::allocator<std::pair<const Database::String,Database::String>>>' (or there is no acceptable conversion)
C:\Program Files\Microsoft Visual Studio\2022\Community\VC\Tools\MSVC\14.30.30705\include\unordered_map(381,18): message : could be 'Database::String &std::unordered_map<Database::String,Database::String,std::hash<Database::String>,std::equal_to<Database::String>,std::allocator<std::pair<const Database::String,Database::String>>>::operator [](const Database::String &)'
C:\Program Files\Microsoft Visual Studio\2022\Community\VC\Tools\MSVC\14.30.30705\include\unordered_map(208,18): message : or       'Database::String &std::unordered_map<Database::String,Database::String,std::hash<Database::String>,std::equal_to<Database::String>,std::allocator<std::pair<const Database::String,Database::String>>>::operator [](Database::String &&)'
D:\code\codeProjects\rocketSimulation\Simulation\FileSystem\LoadManager.cpp(113,6): message : while trying to match the argument list '(const std::unordered_map<Database::String,Database::String,std::hash<Database::String>,std::equal_to<Database::String>,std::allocator<std::pair<const Database::String,Database::String>>>, const Database::String)'
  logging.cpp
D:\code\codeProjects\rocketSimulation\Simulation\FileSystem\logging.hpp(11,30): error C4430: missing type specifier - int assumed. Note: C++ does not support default-int
D:\code\codeProjects\rocketSimulation\Simulation\FileSystem\logging.hpp(11,30): error C2143: syntax error: missing ',' before '&'
D:\code\codeProjects\rocketSimulation\Simulation\FileSystem\logging.hpp(12,40): error C4430: missing type specifier - int assumed. Note: C++ does not support default-int
D:\code\codeProjects\rocketSimulation\Simulation\FileSystem\logging.hpp(12,40): error C2143: syntax error: missing ',' before '&'
D:\code\codeProjects\rocketSimulation\Simulation\FileSystem\logging.hpp(13,30): error C4430: missing type specifier - int assumed. Note: C++ does not support default-int
D:\code\codeProjects\rocketSimulation\Simulation\FileSystem\logging.hpp(13,30): error C2143: syntax error: missing ',' before '&'
D:\code\codeProjects\rocketSimulation\Simulation\FileSystem\logging.hpp(14,34): error C4430: missing type specifier - int assumed. Note: C++ does not support default-int
D:\code\codeProjects\rocketSimulation\Simulation\FileSystem\logging.hpp(14,34): error C2143: syntax error: missing ',' before '&'
D:\code\codeProjects\rocketSimulation\Simulation\FileSystem\logging.hpp(15,37): error C4430: missing type specifier - int assumed. Note: C++ does not support default-int
D:\code\codeProjects\rocketSimulation\Simulation\FileSystem\logging.hpp(15,37): error C2143: syntax error: missing ',' before '&'
D:\code\codeProjects\rocketSimulation\Simulation\FileSystem\logging.hpp(16,40): error C4430: missing type specifier - int assumed. Note: C++ does not support default-int
D:\code\codeProjects\rocketSimulation\Simulation\FileSystem\logging.hpp(16,40): error C2143: syntax error: missing ',' before '&'
D:\code\codeProjects\rocketSimulation\Simulation\FileSystem\Instructions.hpp(8,16): error C2061: syntax error: identifier 'String'
D:\code\codeProjects\rocketSimulation\Simulation\FileSystem\Instructions.hpp(12,10): error C2065: 'String': undeclared identifier
D:\code\codeProjects\rocketSimulation\Simulation\FileSystem\Instructions.hpp(12,3): error C7568: argument list missing after assumed function template 'Vector'
D:\code\codeProjects\rocketSimulation\Simulation\FileSystem\Instructions.hpp(12,49): error C4430: missing type specifier - int assumed. Note: C++ does not support default-int
D:\code\codeProjects\rocketSimulation\Simulation\FileSystem\Instructions.hpp(12,49): error C2143: syntax error: missing ',' before '&'
D:\code\codeProjects\rocketSimulation\Simulation\FileSystem\Instructions.hpp(13,10): error C2065: 'String': undeclared identifier
D:\code\codeProjects\rocketSimulation\Simulation\FileSystem\Instructions.hpp(13,3): error C7568: argument list missing after assumed function template 'Vector'
D:\code\codeProjects\rocketSimulation\Simulation\FileSystem\Instructions.hpp(14,32): error C4430: missing type specifier - int assumed. Note: C++ does not support default-int
D:\code\codeProjects\rocketSimulation\Simulation\FileSystem\Instructions.hpp(14,32): error C2143: syntax error: missing ',' before '&'
D:\code\codeProjects\rocketSimulation\Simulation\FileSystem\Instructions.hpp(15,23): error C2061: syntax error: identifier 'String'
D:\code\codeProjects\rocketSimulation\Simulation\FileSystem\Instructions.hpp(20,10): error C2065: 'String': undeclared identifier
D:\code\codeProjects\rocketSimulation\Simulation\FileSystem\Instructions.hpp(20,3): error C7568: argument list missing after assumed function template 'Vector'
D:\code\codeProjects\rocketSimulation\Simulation\FileSystem\Instructions.hpp(21,9): error C2143: syntax error: missing ';' before '*'
D:\code\codeProjects\rocketSimulation\Simulation\FileSystem\Instructions.hpp(21,9): error C4430: missing type specifier - int assumed. Note: C++ does not support default-int
D:\code\codeProjects\rocketSimulation\Simulation\FileSystem\Instructions.hpp(21,18): error C2238: unexpected token(s) preceding ';'
D:\code\codeProjects\rocketSimulation\Simulation\FileSystem\Instructions.hpp(24,7): error C2182: 'assignRocketInstructions': illegal use of type 'void'
D:\code\codeProjects\rocketSimulation\Simulation\FileSystem\Instructions.hpp(24,32): error C2065: 'Rocket': undeclared identifier
D:\code\codeProjects\rocketSimulation\Simulation\FileSystem\Instructions.hpp(24,40): error C2065: 'rocket': undeclared identifier
D:\code\codeProjects\rocketSimulation\Simulation\FileSystem\Instructions.hpp(24,48): error C2143: syntax error: missing ';' before '{'
D:\code\codeProjects\rocketSimulation\Simulation\FileSystem\Instructions.hpp(24,48): error C2447: '{': missing function header (old-style formal list?)
D:\code\codeProjects\rocketSimulation\Simulation\helpers\controles.hpp(94,4): error C2382: 'abs': redefinition; different exception specifications
C:\Program Files\Microsoft Visual Studio\2022\Community\VC\Tools\MSVC\14.30.30705\include\cstdlib(31): message : see declaration of 'abs'
D:\code\codeProjects\rocketSimulation\Simulation\helpers\controles.hpp(154,16): error C2065: 'Instructions': undeclared identifier
D:\code\codeProjects\rocketSimulation\Simulation\helpers\controles.hpp(154,9): error C2923: 'Database::Vector': 'Instructions' is not a valid template type argument for parameter 'T'
D:\code\codeProjects\rocketSimulation\Simulation\helpers\controles.hpp(154): message : see declaration of 'Instructions'
D:\code\codeProjects\rocketSimulation\Simulation\helpers\controles.hpp(154,43): error C2955: 'Database::Vector': use of class template requires template argument list
D:\code\codeProjects\rocketSimulation\externalLibs\database\include\Vector.hpp(8): message : see declaration of 'Database::Vector'
D:\code\codeProjects\rocketSimulation\Simulation\FileSystem\logging.cpp(52,21): error C2664: 'void fileSystem::loggRocket(const int)': cannot convert argument 1 from 'const T' to 'const int'
          with
          [
              T=Rocket
          ]
D:\code\codeProjects\rocketSimulation\Simulation\FileSystem\logging.cpp(52,15): message : No user-defined-conversion operator available that can perform this conversion, or the operator cannot be called
D:\code\codeProjects\rocketSimulation\Simulation\FileSystem\logging.hpp(11,7): message : see declaration of 'fileSystem::loggRocket'
D:\code\codeProjects\rocketSimulation\Simulation\FileSystem\logging.cpp(54,69): error C2660: 'fileSystem::loggRocketStage': function does not take 2 arguments
D:\code\codeProjects\rocketSimulation\Simulation\FileSystem\logging.hpp(12,7): message : see declaration of 'fileSystem::loggRocketStage'
D:\code\codeProjects\rocketSimulation\Simulation\FileSystem\logging.cpp(56,79): error C2660: 'fileSystem::loggEngine': function does not take 2 arguments
D:\code\codeProjects\rocketSimulation\Simulation\FileSystem\logging.hpp(13,7): message : see declaration of 'fileSystem::loggEngine'
D:\code\codeProjects\rocketSimulation\Simulation\FileSystem\logging.cpp(58,85): error C2660: 'fileSystem::loggFuelTank': function does not take 2 arguments
D:\code\codeProjects\rocketSimulation\Simulation\FileSystem\logging.hpp(14,7): message : see declaration of 'fileSystem::loggFuelTank'
D:\code\codeProjects\rocketSimulation\Simulation\FileSystem\logging.cpp(62,21): error C2664: 'void fileSystem::loggPlanet(const int)': cannot convert argument 1 from 'const T' to 'const int'
          with
          [
              T=PhysicsPlanet
          ]
D:\code\codeProjects\rocketSimulation\Simulation\FileSystem\logging.cpp(62,15): message : No user-defined-conversion operator available that can perform this conversion, or the operator cannot be called
D:\code\codeProjects\rocketSimulation\Simulation\FileSystem\logging.hpp(15,7): message : see declaration of 'fileSystem::loggPlanet'
D:\code\codeProjects\rocketSimulation\Simulation\FileSystem\logging.cpp(64,21): error C2664: 'void fileSystem::loggPlanet(const int)': cannot convert argument 1 from 'const T' to 'const int'
          with
          [
              T=FixedOrbitPlanet
          ]
D:\code\codeProjects\rocketSimulation\Simulation\FileSystem\logging.cpp(64,15): message : No user-defined-conversion operator available that can perform this conversion, or the operator cannot be called
D:\code\codeProjects\rocketSimulation\Simulation\FileSystem\logging.hpp(15,7): message : see declaration of 'fileSystem::loggPlanet'
D:\code\codeProjects\rocketSimulation\Simulation\FileSystem\logging.cpp(81,21): error C2664: 'void fileSystem::loggRocket(const int)': cannot convert argument 1 from 'const T' to 'const int'
          with
          [
              T=Rocket
          ]
D:\code\codeProjects\rocketSimulation\Simulation\FileSystem\logging.cpp(81,15): message : No user-defined-conversion operator available that can perform this conversion, or the operator cannot be called
D:\code\codeProjects\rocketSimulation\Simulation\FileSystem\logging.hpp(11,7): message : see declaration of 'fileSystem::loggRocket'
D:\code\codeProjects\rocketSimulation\Simulation\FileSystem\logging.cpp(83,69): error C2660: 'fileSystem::loggRocketStage': function does not take 2 arguments
D:\code\codeProjects\rocketSimulation\Simulation\FileSystem\logging.hpp(12,7): message : see declaration of 'fileSystem::loggRocketStage'
D:\code\codeProjects\rocketSimulation\Simulation\FileSystem\logging.cpp(85,79): error C2660: 'fileSystem::loggEngine': function does not take 2 arguments
D:\code\codeProjects\rocketSimulation\Simulation\FileSystem\logging.hpp(13,7): message : see declaration of 'fileSystem::loggEngine'
D:\code\codeProjects\rocketSimulation\Simulation\FileSystem\logging.cpp(87,85): error C2660: 'fileSystem::loggFuelTank': function does not take 2 arguments
D:\code\codeProjects\rocketSimulation\Simulation\FileSystem\logging.hpp(14,7): message : see declaration of 'fileSystem::loggFuelTank'
D:\code\codeProjects\rocketSimulation\Simulation\FileSystem\logging.cpp(91,21): error C2664: 'void fileSystem::loggPlanet(const int)': cannot convert argument 1 from 'const T' to 'const int'
          with
          [
              T=PhysicsPlanet
          ]
D:\code\codeProjects\rocketSimulation\Simulation\FileSystem\logging.cpp(91,15): message : No user-defined-conversion operator available that can perform this conversion, or the operator cannot be called
D:\code\codeProjects\rocketSimulation\Simulation\FileSystem\logging.hpp(15,7): message : see declaration of 'fileSystem::loggPlanet'
D:\code\codeProjects\rocketSimulation\Simulation\FileSystem\logging.cpp(93,21): error C2664: 'void fileSystem::loggPlanet(const int)': cannot convert argument 1 from 'const T' to 'const int'
          with
          [
              T=FixedOrbitPlanet
          ]
D:\code\codeProjects\rocketSimulation\Simulation\FileSystem\logging.cpp(93,15): message : No user-defined-conversion operator available that can perform this conversion, or the operator cannot be called
D:\code\codeProjects\rocketSimulation\Simulation\FileSystem\logging.hpp(15,7): message : see declaration of 'fileSystem::loggPlanet'
  controles.cpp
D:\code\codeProjects\rocketSimulation\Simulation\helpers\Mesh.hpp(16,10): error C7568: argument list missing after assumed function template 'Vector'
D:\code\codeProjects\rocketSimulation\Simulation\helpers\Mesh.hpp(16): error C2062: type 'unknown-type' unexpected
D:\code\codeProjects\rocketSimulation\Simulation\helpers\Mesh.hpp(16,55): error C2653: 'options': is not a class or namespace name
D:\code\codeProjects\rocketSimulation\Simulation\helpers\Mesh.hpp(16,115): error C2238: unexpected token(s) preceding ';'
D:\code\codeProjects\rocketSimulation\Simulation\helpers\Mesh.hpp(29,2): error C7568: argument list missing after assumed function template 'Vector'
D:\code\codeProjects\rocketSimulation\Simulation\helpers\Mesh.hpp(29,37): error C2061: syntax error: identifier 'sizeT'
D:\code\codeProjects\rocketSimulation\Simulation\helpers\Mesh.hpp(43,2): error C7568: argument list missing after assumed function template 'Vector'
D:\code\codeProjects\rocketSimulation\Simulation\helpers\Mesh.hpp(43,37): error C2061: syntax error: identifier 'sizeT'
D:\code\codeProjects\rocketSimulation\Simulation\helpers\Mesh.hpp(52,24): error C2061: syntax error: identifier 'sizeT'
D:\code\codeProjects\rocketSimulation\Simulation\helpers\Mesh.hpp(59,2): error C7568: argument list missing after assumed function template 'Vector'
D:\code\codeProjects\rocketSimulation\Simulation\helpers\Mesh.hpp(59,37): error C2061: syntax error: identifier 'sizeT'
D:\code\codeProjects\rocketSimulation\Simulation\helpers\Mesh.hpp(56,28): error C2065: 'PI': undeclared identifier
D:\code\codeProjects\rocketSimulation\Simulation\helpers\Mesh.hpp(77,2): error C7568: argument list missing after assumed function template 'Vector'
D:\code\codeProjects\rocketSimulation\Simulation\helpers\Mesh.hpp(77,37): error C2061: syntax error: identifier 'sizeT'
D:\code\codeProjects\rocketSimulation\Simulation\helpers\Mesh.hpp(92,2): error C7568: argument list missing after assumed function template 'Vector'
D:\code\codeProjects\rocketSimulation\Simulation\helpers\Mesh.hpp(95,26): error C7568: argument list missing after assumed function template 'Vector'
D:\code\codeProjects\rocketSimulation\Simulation\helpers\Mesh.hpp(95,41): error C4430: missing type specifier - int assumed. Note: C++ does not support default-int
D:\code\codeProjects\rocketSimulation\Simulation\helpers\Mesh.hpp(95): error C2144: syntax error: 'unknown-type' should be preceded by ')'
D:\code\codeProjects\rocketSimulation\Simulation\helpers\Mesh.hpp(95): error C2144: syntax error: 'unknown-type' should be preceded by ';'
D:\code\codeProjects\rocketSimulation\Simulation\helpers\Mesh.hpp(95,48): error C2059: syntax error: ')'
D:\code\codeProjects\rocketSimulation\Simulation\helpers\Mesh.hpp(95,50): error C2143: syntax error: missing ';' before 'const'
D:\code\codeProjects\rocketSimulation\Simulation\helpers\Mesh.hpp(95,56): error C4430: missing type specifier - int assumed. Note: C++ does not support default-int
D:\code\codeProjects\rocketSimulation\Simulation\helpers\Mesh.hpp(95,56): error C2059: syntax error: 'noexcept'
D:\code\codeProjects\rocketSimulation\Simulation\helpers\Mesh.hpp(95,64): error C2238: unexpected token(s) preceding ';'
D:\code\codeProjects\rocketSimulation\Simulation\rocket\Fuelmap.hpp(15,10): error C2061: syntax error: identifier 'String'
D:\code\codeProjects\rocketSimulation\Simulation\rocket\Fuelmap.hpp(15,9): error C2535: 'Fuelmap::Fuelmap(void)': member function already defined or declared
D:\code\codeProjects\rocketSimulation\Simulation\rocket\Fuelmap.hpp(14): message : see declaration of 'Fuelmap::Fuelmap'
D:\code\codeProjects\rocketSimulation\Simulation\rocket\Fuelmap.hpp(16,17): error C2065: 'String': undeclared identifier
D:\code\codeProjects\rocketSimulation\Simulation\rocket\Fuelmap.hpp(16,10): error C7568: argument list missing after assumed function template 'Vector'
D:\code\codeProjects\rocketSimulation\Simulation\rocket\Fuelmap.hpp(16,31): error C7568: argument list missing after assumed function template 'Vector'
D:\code\codeProjects\rocketSimulation\Simulation\rocket\Fuelmap.hpp(28,9): error C2065: 'String': undeclared identifier
D:\code\codeProjects\rocketSimulation\Simulation\rocket\Fuelmap.hpp(28,2): error C7568: argument list missing after assumed function template 'Vector'
D:\code\codeProjects\rocketSimulation\Simulation\rocket\Fuelmap.hpp(31,21): error C2065: 'String': undeclared identifier
D:\code\codeProjects\rocketSimulation\Simulation\rocket\Fuelmap.hpp(31,7): error C2923: 'std::unordered_map': 'String' is not a valid template type argument for parameter '_Kty'
D:\code\codeProjects\rocketSimulation\Simulation\rocket\Fuelmap.hpp(31): message : see declaration of 'String'
D:\code\codeProjects\rocketSimulation\Simulation\rocket\Fuelmap.hpp(31,7): error C2976: 'std::unordered_map': too few template arguments
C:\Program Files\Microsoft Visual Studio\2022\Community\VC\Tools\MSVC\14.30.30705\include\unordered_map(67): message : see declaration of 'std::unordered_map'
D:\code\codeProjects\rocketSimulation\Simulation\rocket\Fuelmap.hpp(31,33): error C2955: 'std::unordered_map': use of class template requires template argument list
C:\Program Files\Microsoft Visual Studio\2022\Community\VC\Tools\MSVC\14.30.30705\include\unordered_map(67): message : see declaration of 'std::unordered_map'
D:\code\codeProjects\rocketSimulation\Simulation\rocket\Fuelmap.hpp(14,9): error C2512: 'std::unordered_map': no appropriate default constructor available
C:\Program Files\Microsoft Visual Studio\2022\Community\VC\Tools\MSVC\14.30.30705\include\unordered_map(67,1): message : see declaration of 'std::unordered_map'
D:\code\codeProjects\rocketSimulation\Simulation\rocket\Engine.hpp(52,14): error C2061: syntax error: identifier 'sizeT'
D:\code\codeProjects\rocketSimulation\Simulation\planet.hpp(15,26): error C2061: syntax error: identifier 'geographicCoordinate'
D:\code\codeProjects\rocketSimulation\Simulation\planet.hpp(58,16): error C2061: syntax error: identifier 'geographicCoordinate'
D:\code\codeProjects\rocketSimulation\Simulation\planet.hpp(59,26): error C2061: syntax error: identifier 'geographicCoordinate'
D:\code\codeProjects\rocketSimulation\Simulation\planet.hpp(60,26): error C2061: syntax error: identifier 'geographicCoordinate'
D:\code\codeProjects\rocketSimulation\Simulation\FileSystem\fileSystem.hpp(20,7): error C2182: 'writeError': illegal use of type 'void'
D:\code\codeProjects\rocketSimulation\Simulation\FileSystem\fileSystem.hpp(20,18): error C2065: 'error': undeclared identifier
D:\code\codeProjects\rocketSimulation\Simulation\FileSystem\fileSystem.hpp(20,24): error C2146: syntax error: missing ')' before identifier 'e'
D:\code\codeProjects\rocketSimulation\Simulation\FileSystem\Instructions.hpp(26,4): error C2653: 'objectLists': is not a class or namespace name
D:\code\codeProjects\rocketSimulation\Simulation\FileSystem\Instructions.hpp(26,17): error C2065: 'instructions': undeclared identifier
D:\code\codeProjects\rocketSimulation\Simulation\FileSystem\Instructions.hpp(28,9): error C2061: syntax error: identifier 'error'
D:\code\codeProjects\rocketSimulation\Simulation\FileSystem\Instructions.hpp(28,3): error C2310: catch handlers must specify one type
D:\code\codeProjects\rocketSimulation\Simulation\FileSystem\Instructions.hpp(29,113): error C2065: 'e': undeclared identifier
D:\code\codeProjects\rocketSimulation\Simulation\FileSystem\Instructions.hpp(29,15): error C3861: 'error': identifier not found
D:\code\codeProjects\rocketSimulation\Simulation\FileSystem\Instructions.hpp(29,122): error C2065: 'badUserBehavior': undeclared identifier
D:\code\codeProjects\rocketSimulation\Simulation\helpers\controles.hpp(94,4): error C2382: 'abs': redefinition; different exception specifications
C:\Program Files\Microsoft Visual Studio\2022\Community\VC\Tools\MSVC\14.30.30705\include\cstdlib(31): message : see declaration of 'abs'
D:\code\codeProjects\rocketSimulation\Simulation\helpers\controles.hpp(154,16): error C2065: 'Instructions': undeclared identifier
D:\code\codeProjects\rocketSimulation\Simulation\helpers\controles.hpp(154,9): error C2923: 'Database::Vector': 'Instructions' is not a valid template type argument for parameter 'T'
D:\code\codeProjects\rocketSimulation\Simulation\helpers\controles.hpp(154): message : see declaration of 'Instructions'
D:\code\codeProjects\rocketSimulation\Simulation\helpers\controles.hpp(154,43): error C2955: 'Database::Vector': use of class template requires template argument list
D:\code\codeProjects\rocketSimulation\externalLibs\database\include\Vector.hpp(8): message : see declaration of 'Database::Vector'
  Mesh.cpp
D:\code\codeProjects\rocketSimulation\Simulation\rocket\Fuelmap.hpp(15,10): error C2061: syntax error: identifier 'String'
D:\code\codeProjects\rocketSimulation\Simulation\rocket\Fuelmap.hpp(15,9): error C2535: 'Fuelmap::Fuelmap(void)': member function already defined or declared
D:\code\codeProjects\rocketSimulation\Simulation\rocket\Fuelmap.hpp(14): message : see declaration of 'Fuelmap::Fuelmap'
D:\code\codeProjects\rocketSimulation\Simulation\rocket\Fuelmap.hpp(16,17): error C2065: 'String': undeclared identifier
D:\code\codeProjects\rocketSimulation\Simulation\rocket\Fuelmap.hpp(16,10): error C7568: argument list missing after assumed function template 'Vector'
D:\code\codeProjects\rocketSimulation\Simulation\rocket\Fuelmap.hpp(16,31): error C7568: argument list missing after assumed function template 'Vector'
D:\code\codeProjects\rocketSimulation\Simulation\rocket\Fuelmap.hpp(28,9): error C2065: 'String': undeclared identifier
D:\code\codeProjects\rocketSimulation\Simulation\rocket\Fuelmap.hpp(28,2): error C7568: argument list missing after assumed function template 'Vector'
D:\code\codeProjects\rocketSimulation\Simulation\rocket\Fuelmap.hpp(31,21): error C2065: 'String': undeclared identifier
D:\code\codeProjects\rocketSimulation\Simulation\rocket\Fuelmap.hpp(31,7): error C2923: 'std::unordered_map': 'String' is not a valid template type argument for parameter '_Kty'
D:\code\codeProjects\rocketSimulation\Simulation\rocket\Fuelmap.hpp(31): message : see declaration of 'String'
D:\code\codeProjects\rocketSimulation\Simulation\rocket\Fuelmap.hpp(31,7): error C2976: 'std::unordered_map': too few template arguments
C:\Program Files\Microsoft Visual Studio\2022\Community\VC\Tools\MSVC\14.30.30705\include\unordered_map(67): message : see declaration of 'std::unordered_map'
D:\code\codeProjects\rocketSimulation\Simulation\rocket\Fuelmap.hpp(31,33): error C2955: 'std::unordered_map': use of class template requires template argument list
C:\Program Files\Microsoft Visual Studio\2022\Community\VC\Tools\MSVC\14.30.30705\include\unordered_map(67): message : see declaration of 'std::unordered_map'
D:\code\codeProjects\rocketSimulation\Simulation\rocket\Fuelmap.hpp(14,9): error C2512: 'std::unordered_map': no appropriate default constructor available
C:\Program Files\Microsoft Visual Studio\2022\Community\VC\Tools\MSVC\14.30.30705\include\unordered_map(67,1): message : see declaration of 'std::unordered_map'
D:\code\codeProjects\rocketSimulation\Simulation\rocket\FuelTank.hpp(31,11): error C3646: 'mesh': unknown override specifier
D:\code\codeProjects\rocketSimulation\Simulation\rocket\FuelTank.hpp(31,15): error C4430: missing type specifier - int assumed. Note: C++ does not support default-int
D:\code\codeProjects\rocketSimulation\Simulation\rocket\Engine.hpp(19,8): error C3646: '_shape': unknown override specifier
D:\code\codeProjects\rocketSimulation\Simulation\rocket\Engine.hpp(19,14): error C4430: missing type specifier - int assumed. Note: C++ does not support default-int
D:\code\codeProjects\rocketSimulation\Simulation\rocket\Engine.hpp(28,26): error C2061: syntax error: identifier 'Shape'
D:\code\codeProjects\rocketSimulation\Simulation\rocket\Engine.hpp(32,26): error C2061: syntax error: identifier 'Shape'
D:\code\codeProjects\rocketSimulation\Simulation\rocket\Engine.hpp(30,8): error C2535: 'Engine::Engine(int,ld,ld,Vector3,Vector3,Vector3,Fuelmap)': member function already defined or declared
D:\code\codeProjects\rocketSimulation\Simulation\rocket\Engine.hpp(26): message : see declaration of 'Engine::Engine'
D:\code\codeProjects\rocketSimulation\Simulation\rocket\Engine.hpp(52,14): error C2061: syntax error: identifier 'sizeT'
D:\code\codeProjects\rocketSimulation\Simulation\rocket\Engine.hpp(61,67): error C2061: syntax error: identifier 'Shape'
D:\code\codeProjects\rocketSimulation\Simulation\rocket\rocketStage.hpp(18,31): error C2061: syntax error: identifier 'Shape'
D:\code\codeProjects\rocketSimulation\Simulation\rocket\rocketStage.hpp(24,18): error C3646: 'mesh': unknown override specifier
D:\code\codeProjects\rocketSimulation\Simulation\rocket\rocketStage.hpp(24,23): error C2059: syntax error: ')'
D:\code\codeProjects\rocketSimulation\Simulation\rocket\rocketStage.hpp(24,39): error C2238: unexpected token(s) preceding ';'
D:\code\codeProjects\rocketSimulation\Simulation\rocket\rocketStage.hpp(57,8): error C3646: '_mesh': unknown override specifier
D:\code\codeProjects\rocketSimulation\Simulation\rocket\rocketStage.hpp(57,13): error C4430: missing type specifier - int assumed. Note: C++ does not support default-int
D:\code\codeProjects\rocketSimulation\Simulation\planet.hpp(11,8): error C3646: 'mesh': unknown override specifier
D:\code\codeProjects\rocketSimulation\Simulation\planet.hpp(11,12): error C4430: missing type specifier - int assumed. Note: C++ does not support default-int
D:\code\codeProjects\rocketSimulation\Simulation\planet.hpp(15,14): error C2061: syntax error: identifier 'Shape'
D:\code\codeProjects\rocketSimulation\Simulation\planet.hpp(17,51): error C2061: syntax error: identifier 'Shape'
D:\code\codeProjects\rocketSimulation\Simulation\planet.hpp(16,10): error C2065: 'mesh': undeclared identifier
D:\code\codeProjects\rocketSimulation\Simulation\planet.hpp(16,5): error C2614: 'Obstruction': illegal member initialization: 'mesh' is not a base or member
D:\code\codeProjects\rocketSimulation\Simulation\planet.hpp(18,45): error C2065: 'mesh': undeclared identifier
D:\code\codeProjects\rocketSimulation\Simulation\planet.hpp(18,40): error C2614: 'Obstruction': illegal member initialization: 'mesh' is not a base or member
D:\code\codeProjects\rocketSimulation\Simulation\planet.hpp(28,9): error C3646: '_mesh': unknown override specifier
D:\code\codeProjects\rocketSimulation\Simulation\planet.hpp(28,14): error C4430: missing type specifier - int assumed. Note: C++ does not support default-int
D:\code\codeProjects\rocketSimulation\Simulation\planet.hpp(44,19): error C3646: 'mesh': unknown override specifier
D:\code\codeProjects\rocketSimulation\Simulation\planet.hpp(44,24): error C2059: syntax error: ')'
D:\code\codeProjects\rocketSimulation\Simulation\planet.hpp(44,40): error C2238: unexpected token(s) preceding ';'
D:\code\codeProjects\rocketSimulation\Simulation\planet.hpp(58,16): error C2061: syntax error: identifier 'geographicCoordinate'
D:\code\codeProjects\rocketSimulation\Simulation\planet.hpp(59,26): error C2061: syntax error: identifier 'geographicCoordinate'
D:\code\codeProjects\rocketSimulation\Simulation\planet.hpp(60,26): error C2061: syntax error: identifier 'geographicCoordinate'
D:\code\codeProjects\rocketSimulation\Simulation\FileSystem\fileSystem.hpp(20,7): error C2182: 'writeError': illegal use of type 'void'
D:\code\codeProjects\rocketSimulation\Simulation\FileSystem\fileSystem.hpp(20,18): error C2065: 'error': undeclared identifier
D:\code\codeProjects\rocketSimulation\Simulation\FileSystem\fileSystem.hpp(20,24): error C2146: syntax error: missing ')' before identifier 'e'
D:\code\codeProjects\rocketSimulation\Simulation\FileSystem\Instructions.hpp(26,4): error C2653: 'objectLists': is not a class or namespace name
D:\code\codeProjects\rocketSimulation\Simulation\FileSystem\Instructions.hpp(26,17): error C2065: 'instructions': undeclared identifier
D:\code\codeProjects\rocketSimulation\Simulation\FileSystem\Instructions.hpp(28,9): error C2061: syntax error: identifier 'error'
D:\code\codeProjects\rocketSimulation\Simulation\FileSystem\Instructions.hpp(28,3): error C2310: catch handlers must specify one type
D:\code\codeProjects\rocketSimulation\Simulation\FileSystem\Instructions.hpp(29,113): error C2065: 'e': undeclared identifier
D:\code\codeProjects\rocketSimulation\Simulation\FileSystem\Instructions.hpp(29,15): error C3861: 'error': identifier not found
D:\code\codeProjects\rocketSimulation\Simulation\FileSystem\Instructions.hpp(29,122): error C2065: 'badUserBehavior': undeclared identifier
D:\code\codeProjects\rocketSimulation\Simulation\helpers\controles.hpp(94,4): error C2382: 'abs': redefinition; different exception specifications
C:\Program Files\Microsoft Visual Studio\2022\Community\VC\Tools\MSVC\14.30.30705\include\cstdlib(31): message : see declaration of 'abs'
D:\code\codeProjects\rocketSimulation\Simulation\helpers\controles.hpp(154,16): error C2065: 'Instructions': undeclared identifier
D:\code\codeProjects\rocketSimulation\Simulation\helpers\controles.hpp(154,9): error C2923: 'Database::Vector': 'Instructions' is not a valid template type argument for parameter 'T'
D:\code\codeProjects\rocketSimulation\Simulation\helpers\controles.hpp(154): message : see declaration of 'Instructions'
D:\code\codeProjects\rocketSimulation\Simulation\helpers\controles.hpp(154,43): error C2955: 'Database::Vector': use of class template requires template argument list
D:\code\codeProjects\rocketSimulation\externalLibs\database\include\Vector.hpp(8): message : see declaration of 'Database::Vector'
D:\code\codeProjects\rocketSimulation\Simulation\helpers\Mesh.cpp(12,54): error C2572: 'Sphere::pointApproximation': redefinition of default argument: parameter 1
D:\code\codeProjects\rocketSimulation\Simulation\helpers\Mesh.hpp(29): message : see declaration of 'Sphere::pointApproximation'
D:\code\codeProjects\rocketSimulation\Simulation\helpers\Mesh.cpp(40,51): error C2572: 'Box::pointApproximation': redefinition of default argument: parameter 1
D:\code\codeProjects\rocketSimulation\Simulation\helpers\Mesh.hpp(43): message : see declaration of 'Box::pointApproximation'
D:\code\codeProjects\rocketSimulation\Simulation\helpers\Mesh.cpp(97,56): error C2572: 'Cylinder::pointApproximation': redefinition of default argument: parameter 1
D:\code\codeProjects\rocketSimulation\Simulation\helpers\Mesh.hpp(59): message : see declaration of 'Cylinder::pointApproximation'
  run.cpp
D:\code\codeProjects\rocketSimulation\Simulation\planet.hpp(11,8): error C3646: 'mesh': unknown override specifier
D:\code\codeProjects\rocketSimulation\Simulation\planet.hpp(11,12): error C4430: missing type specifier - int assumed. Note: C++ does not support default-int
D:\code\codeProjects\rocketSimulation\Simulation\planet.hpp(15,14): error C2061: syntax error: identifier 'Shape'
D:\code\codeProjects\rocketSimulation\Simulation\planet.hpp(17,51): error C2061: syntax error: identifier 'Shape'
D:\code\codeProjects\rocketSimulation\Simulation\planet.hpp(16,10): error C2065: 'mesh': undeclared identifier
D:\code\codeProjects\rocketSimulation\Simulation\planet.hpp(16,5): error C2614: 'Obstruction': illegal member initialization: 'mesh' is not a base or member
D:\code\codeProjects\rocketSimulation\Simulation\planet.hpp(18,45): error C2065: 'mesh': undeclared identifier
D:\code\codeProjects\rocketSimulation\Simulation\planet.hpp(18,40): error C2614: 'Obstruction': illegal member initialization: 'mesh' is not a base or member
D:\code\codeProjects\rocketSimulation\Simulation\planet.hpp(26,9): error C3646: '_ID': unknown override specifier
D:\code\codeProjects\rocketSimulation\Simulation\planet.hpp(26,12): error C4430: missing type specifier - int assumed. Note: C++ does not support default-int
D:\code\codeProjects\rocketSimulation\Simulation\planet.hpp(28,9): error C3646: '_mesh': unknown override specifier
D:\code\codeProjects\rocketSimulation\Simulation\planet.hpp(28,14): error C4430: missing type specifier - int assumed. Note: C++ does not support default-int
D:\code\codeProjects\rocketSimulation\Simulation\planet.hpp(31,2): error C7568: argument list missing after assumed function template 'Vector'
D:\code\codeProjects\rocketSimulation\Simulation\planet.hpp(32,2): error C7568: argument list missing after assumed function template 'ReadFile'
D:\code\codeProjects\rocketSimulation\Simulation\planet.hpp(39,19): error C3646: 'ID': unknown override specifier
D:\code\codeProjects\rocketSimulation\Simulation\planet.hpp(39,22): error C2059: syntax error: ')'
D:\code\codeProjects\rocketSimulation\Simulation\planet.hpp(39,38): error C2238: unexpected token(s) preceding ';'
D:\code\codeProjects\rocketSimulation\Simulation\planet.hpp(44,19): error C3646: 'mesh': unknown override specifier
D:\code\codeProjects\rocketSimulation\Simulation\planet.hpp(44,24): error C2059: syntax error: ')'
D:\code\codeProjects\rocketSimulation\Simulation\planet.hpp(44,40): error C2238: unexpected token(s) preceding ';'
D:\code\codeProjects\rocketSimulation\Simulation\planet.hpp(45,12): error C7568: argument list missing after assumed function template 'Vector'
D:\code\codeProjects\rocketSimulation\Simulation\planet.hpp(45): error C2062: type 'unknown-type' unexpected
D:\code\codeProjects\rocketSimulation\Simulation\planet.hpp(45,61): error C2238: unexpected token(s) preceding ';'
D:\code\codeProjects\rocketSimulation\Simulation\planet.hpp(54,22): error C7568: argument list missing after assumed function template 'Vector'
D:\code\codeProjects\rocketSimulation\Simulation\planet.hpp(58,16): error C2061: syntax error: identifier 'geographicCoordinate'
D:\code\codeProjects\rocketSimulation\Simulation\planet.hpp(59,26): error C2061: syntax error: identifier 'geographicCoordinate'
D:\code\codeProjects\rocketSimulation\Simulation\planet.hpp(60,26): error C2061: syntax error: identifier 'geographicCoordinate'
D:\code\codeProjects\rocketSimulation\Simulation\planet.hpp(92,54): error C4430: missing type specifier - int assumed. Note: C++ does not support default-int
D:\code\codeProjects\rocketSimulation\Simulation\planet.hpp(92,54): error C2143: syntax error: missing ',' before '&'
D:\code\codeProjects\rocketSimulation\Simulation\planet.hpp(93,60): error C4430: missing type specifier - int assumed. Note: C++ does not support default-int
D:\code\codeProjects\rocketSimulation\Simulation\planet.hpp(93,60): error C2143: syntax error: missing ',' before '&'
D:\code\codeProjects\rocketSimulation\Simulation\FileSystem\fileSystem.hpp(20,7): error C2182: 'writeError': illegal use of type 'void'
D:\code\codeProjects\rocketSimulation\Simulation\FileSystem\fileSystem.hpp(20,18): error C2065: 'error': undeclared identifier
D:\code\codeProjects\rocketSimulation\Simulation\FileSystem\fileSystem.hpp(20,24): error C2146: syntax error: missing ')' before identifier 'e'
D:\code\codeProjects\rocketSimulation\Simulation\FileSystem\Instructions.hpp(8,33): error C2061: syntax error: identifier 'Rocket'
D:\code\codeProjects\rocketSimulation\Simulation\FileSystem\Instructions.hpp(21,9): error C2143: syntax error: missing ';' before '*'
D:\code\codeProjects\rocketSimulation\Simulation\FileSystem\Instructions.hpp(21,9): error C4430: missing type specifier - int assumed. Note: C++ does not support default-int
D:\code\codeProjects\rocketSimulation\Simulation\FileSystem\Instructions.hpp(21,18): error C2238: unexpected token(s) preceding ';'
D:\code\codeProjects\rocketSimulation\Simulation\FileSystem\Instructions.hpp(24,7): error C2182: 'assignRocketInstructions': illegal use of type 'void'
D:\code\codeProjects\rocketSimulation\Simulation\FileSystem\Instructions.hpp(24,32): error C2065: 'Rocket': undeclared identifier
D:\code\codeProjects\rocketSimulation\Simulation\FileSystem\Instructions.hpp(24,40): error C2065: 'rocket': undeclared identifier
D:\code\codeProjects\rocketSimulation\Simulation\FileSystem\Instructions.hpp(24,48): error C2143: syntax error: missing ';' before '{'
D:\code\codeProjects\rocketSimulation\Simulation\FileSystem\Instructions.hpp(24,48): error C2447: '{': missing function header (old-style formal list?)
D:\code\codeProjects\rocketSimulation\Simulation\helpers\controles.hpp(94,4): error C2382: 'abs': redefinition; different exception specifications
C:\Program Files\Microsoft Visual Studio\2022\Community\VC\Tools\MSVC\14.30.30705\include\cstdlib(31): message : see declaration of 'abs'
D:\code\codeProjects\rocketSimulation\Simulation\helpers\controles.hpp(154,16): error C2065: 'Instructions': undeclared identifier
D:\code\codeProjects\rocketSimulation\Simulation\helpers\controles.hpp(154,9): error C2923: 'Database::Vector': 'Instructions' is not a valid template type argument for parameter 'T'
D:\code\codeProjects\rocketSimulation\Simulation\helpers\controles.hpp(154): message : see declaration of 'Instructions'
D:\code\codeProjects\rocketSimulation\Simulation\helpers\controles.hpp(154,43): error C2955: 'Database::Vector': use of class template requires template argument list
D:\code\codeProjects\rocketSimulation\externalLibs\database\include\Vector.hpp(8): message : see declaration of 'Database::Vector'
D:\code\codeProjects\rocketSimulation\Simulation\run.cpp(39,41): error C2065: 'Instructions': undeclared identifier
D:\code\codeProjects\rocketSimulation\Simulation\run.cpp(39,34): error C2923: 'Database::Vector': 'Instructions' is not a valid template type argument for parameter 'T'
D:\code\codeProjects\rocketSimulation\Simulation\run.cpp(39): message : see declaration of 'Instructions'
D:\code\codeProjects\rocketSimulation\Simulation\run.cpp(39,54): error C2641: cannot deduce template arguments for 'Database::Vector'
D:\code\codeProjects\rocketSimulation\Simulation\run.cpp(39,56): error C2780: 'Database::Vector<T> Database::Vector(const size_t,const T)': expects 2 arguments - 0 provided
D:\code\codeProjects\rocketSimulation\externalLibs\database\include\Vector.hpp(22): message : see declaration of 'Database::Vector'
D:\code\codeProjects\rocketSimulation\Simulation\run.cpp(39,56): error C2780: 'Database::Vector<T> Database::Vector(const size_t)': expects 1 arguments - 0 provided
D:\code\codeProjects\rocketSimulation\externalLibs\database\include\Vector.hpp(21): message : see declaration of 'Database::Vector'
D:\code\codeProjects\rocketSimulation\Simulation\run.cpp(39,56): error C2780: 'Database::Vector<T> Database::Vector(T &&,size_t)': expects 2 arguments - 0 provided
D:\code\codeProjects\rocketSimulation\externalLibs\database\include\Vector.hpp(20): message : see declaration of 'Database::Vector'
D:\code\codeProjects\rocketSimulation\Simulation\run.cpp(39,56): error C2780: 'Database::Vector<T> Database::Vector(const std::vector<T,std::allocator<_Ty>> &)': expects 1 arguments - 0 provided
D:\code\codeProjects\rocketSimulation\externalLibs\database\include\Vector.hpp(19): message : see declaration of 'Database::Vector'
D:\code\codeProjects\rocketSimulation\Simulation\run.cpp(39,56): error C2780: 'Database::Vector<T> Database::Vector(const std::initializer_list<_Elem>)': expects 1 arguments - 0 provided
D:\code\codeProjects\rocketSimulation\externalLibs\database\include\Vector.hpp(18): message : see declaration of 'Database::Vector'
D:\code\codeProjects\rocketSimulation\Simulation\run.cpp(39,56): error C2780: 'Database::Vector<T> Database::Vector(Database::Vector<T> &&) noexcept': expects 1 arguments - 0 provided
D:\code\codeProjects\rocketSimulation\externalLibs\database\include\Vector.hpp(17): message : see declaration of 'Database::Vector'
D:\code\codeProjects\rocketSimulation\Simulation\run.cpp(39,56): error C2780: 'Database::Vector<T> Database::Vector(const Database::Vector<T> &)': expects 1 arguments - 0 provided
D:\code\codeProjects\rocketSimulation\externalLibs\database\include\Vector.hpp(16): message : see declaration of 'Database::Vector'
D:\code\codeProjects\rocketSimulation\Simulation\run.cpp(39,54): error C2783: 'Database::Vector<T> Database::Vector(void)': could not deduce template argument for 'T'
D:\code\codeProjects\rocketSimulation\externalLibs\database\include\Vector.hpp(15): message : see declaration of 'Database::Vector'
D:\code\codeProjects\rocketSimulation\Simulation\run.cpp(39,56): error C2780: 'Database::Vector<T> Database::Vector(Database::Vector<T>)': expects 1 arguments - 0 provided
D:\code\codeProjects\rocketSimulation\externalLibs\database\include\Vector.hpp(8): message : see declaration of 'Database::Vector'
D:\code\codeProjects\rocketSimulation\Simulation\run.cpp(39,56): error C2514: 'Database::Vector': class template cannot be constructed
D:\code\codeProjects\rocketSimulation\externalLibs\database\include\Vector.hpp(8): message : see declaration of 'Database::Vector'
  Vector3.cpp
D:\code\codeProjects\rocketSimulation\Simulation\helpers\Mesh.hpp(16,10): error C7568: argument list missing after assumed function template 'Vector'
D:\code\codeProjects\rocketSimulation\Simulation\helpers\Mesh.hpp(16): error C2062: type 'unknown-type' unexpected
D:\code\codeProjects\rocketSimulation\Simulation\helpers\Mesh.hpp(16,55): error C2653: 'options': is not a class or namespace name
D:\code\codeProjects\rocketSimulation\Simulation\helpers\Mesh.hpp(16,115): error C2238: unexpected token(s) preceding ';'
D:\code\codeProjects\rocketSimulation\Simulation\helpers\Mesh.hpp(29,2): error C7568: argument list missing after assumed function template 'Vector'
D:\code\codeProjects\rocketSimulation\Simulation\helpers\Mesh.hpp(29,37): error C2061: syntax error: identifier 'sizeT'
D:\code\codeProjects\rocketSimulation\Simulation\helpers\Mesh.hpp(43,2): error C7568: argument list missing after assumed function template 'Vector'
D:\code\codeProjects\rocketSimulation\Simulation\helpers\Mesh.hpp(43,37): error C2061: syntax error: identifier 'sizeT'
D:\code\codeProjects\rocketSimulation\Simulation\helpers\Mesh.hpp(52,24): error C2061: syntax error: identifier 'sizeT'
D:\code\codeProjects\rocketSimulation\Simulation\helpers\Mesh.hpp(59,2): error C7568: argument list missing after assumed function template 'Vector'
D:\code\codeProjects\rocketSimulation\Simulation\helpers\Mesh.hpp(59,37): error C2061: syntax error: identifier 'sizeT'
D:\code\codeProjects\rocketSimulation\Simulation\helpers\Mesh.hpp(56,28): error C2065: 'PI': undeclared identifier
D:\code\codeProjects\rocketSimulation\Simulation\helpers\Mesh.hpp(77,2): error C7568: argument list missing after assumed function template 'Vector'
D:\code\codeProjects\rocketSimulation\Simulation\helpers\Mesh.hpp(77,37): error C2061: syntax error: identifier 'sizeT'
D:\code\codeProjects\rocketSimulation\Simulation\helpers\Mesh.hpp(92,2): error C7568: argument list missing after assumed function template 'Vector'
D:\code\codeProjects\rocketSimulation\Simulation\helpers\Mesh.hpp(95,26): error C7568: argument list missing after assumed function template 'Vector'
D:\code\codeProjects\rocketSimulation\Simulation\helpers\Mesh.hpp(95,41): error C4430: missing type specifier - int assumed. Note: C++ does not support default-int
D:\code\codeProjects\rocketSimulation\Simulation\helpers\Mesh.hpp(95): error C2144: syntax error: 'unknown-type' should be preceded by ')'
D:\code\codeProjects\rocketSimulation\Simulation\helpers\Mesh.hpp(95): error C2144: syntax error: 'unknown-type' should be preceded by ';'
D:\code\codeProjects\rocketSimulation\Simulation\helpers\Mesh.hpp(95,48): error C2059: syntax error: ')'
D:\code\codeProjects\rocketSimulation\Simulation\helpers\Mesh.hpp(95,50): error C2143: syntax error: missing ';' before 'const'
D:\code\codeProjects\rocketSimulation\Simulation\helpers\Mesh.hpp(95,56): error C4430: missing type specifier - int assumed. Note: C++ does not support default-int
D:\code\codeProjects\rocketSimulation\Simulation\helpers\Mesh.hpp(95,56): error C2059: syntax error: 'noexcept'
D:\code\codeProjects\rocketSimulation\Simulation\helpers\Mesh.hpp(95,64): error C2238: unexpected token(s) preceding ';'
D:\code\codeProjects\rocketSimulation\Simulation\rocket\Fuelmap.hpp(15,10): error C2061: syntax error: identifier 'String'
D:\code\codeProjects\rocketSimulation\Simulation\rocket\Fuelmap.hpp(15,9): error C2535: 'Fuelmap::Fuelmap(void)': member function already defined or declared
D:\code\codeProjects\rocketSimulation\Simulation\rocket\Fuelmap.hpp(14): message : see declaration of 'Fuelmap::Fuelmap'
D:\code\codeProjects\rocketSimulation\Simulation\rocket\Fuelmap.hpp(16,17): error C2065: 'String': undeclared identifier
D:\code\codeProjects\rocketSimulation\Simulation\rocket\Fuelmap.hpp(16,10): error C7568: argument list missing after assumed function template 'Vector'
D:\code\codeProjects\rocketSimulation\Simulation\rocket\Fuelmap.hpp(16,31): error C7568: argument list missing after assumed function template 'Vector'
D:\code\codeProjects\rocketSimulation\Simulation\rocket\Fuelmap.hpp(28,9): error C2065: 'String': undeclared identifier
D:\code\codeProjects\rocketSimulation\Simulation\rocket\Fuelmap.hpp(28,2): error C7568: argument list missing after assumed function template 'Vector'
D:\code\codeProjects\rocketSimulation\Simulation\rocket\Fuelmap.hpp(31,21): error C2065: 'String': undeclared identifier
D:\code\codeProjects\rocketSimulation\Simulation\rocket\Fuelmap.hpp(31,7): error C2923: 'std::unordered_map': 'String' is not a valid template type argument for parameter '_Kty'
D:\code\codeProjects\rocketSimulation\Simulation\rocket\Fuelmap.hpp(31): message : see declaration of 'String'
D:\code\codeProjects\rocketSimulation\Simulation\rocket\Fuelmap.hpp(31,7): error C2976: 'std::unordered_map': too few template arguments
C:\Program Files\Microsoft Visual Studio\2022\Community\VC\Tools\MSVC\14.30.30705\include\unordered_map(67): message : see declaration of 'std::unordered_map'
D:\code\codeProjects\rocketSimulation\Simulation\rocket\Fuelmap.hpp(31,33): error C2955: 'std::unordered_map': use of class template requires template argument list
C:\Program Files\Microsoft Visual Studio\2022\Community\VC\Tools\MSVC\14.30.30705\include\unordered_map(67): message : see declaration of 'std::unordered_map'
D:\code\codeProjects\rocketSimulation\Simulation\rocket\Fuelmap.hpp(14,9): error C2512: 'std::unordered_map': no appropriate default constructor available
C:\Program Files\Microsoft Visual Studio\2022\Community\VC\Tools\MSVC\14.30.30705\include\unordered_map(67,1): message : see declaration of 'std::unordered_map'
D:\code\codeProjects\rocketSimulation\Simulation\rocket\Engine.hpp(52,14): error C2061: syntax error: identifier 'sizeT'
D:\code\codeProjects\rocketSimulation\Simulation\planet.hpp(15,26): error C2061: syntax error: identifier 'geographicCoordinate'
D:\code\codeProjects\rocketSimulation\Simulation\planet.hpp(58,16): error C2061: syntax error: identifier 'geographicCoordinate'
D:\code\codeProjects\rocketSimulation\Simulation\planet.hpp(59,26): error C2061: syntax error: identifier 'geographicCoordinate'
D:\code\codeProjects\rocketSimulation\Simulation\planet.hpp(60,26): error C2061: syntax error: identifier 'geographicCoordinate'
D:\code\codeProjects\rocketSimulation\Simulation\FileSystem\fileSystem.hpp(20,7): error C2182: 'writeError': illegal use of type 'void'
D:\code\codeProjects\rocketSimulation\Simulation\FileSystem\fileSystem.hpp(20,18): error C2065: 'error': undeclared identifier
D:\code\codeProjects\rocketSimulation\Simulation\FileSystem\fileSystem.hpp(20,24): error C2146: syntax error: missing ')' before identifier 'e'
D:\code\codeProjects\rocketSimulation\Simulation\FileSystem\Instructions.hpp(26,4): error C2653: 'objectLists': is not a class or namespace name
D:\code\codeProjects\rocketSimulation\Simulation\FileSystem\Instructions.hpp(26,17): error C2065: 'instructions': undeclared identifier
D:\code\codeProjects\rocketSimulation\Simulation\FileSystem\Instructions.hpp(28,9): error C2061: syntax error: identifier 'error'
D:\code\codeProjects\rocketSimulation\Simulation\FileSystem\Instructions.hpp(28,3): error C2310: catch handlers must specify one type
D:\code\codeProjects\rocketSimulation\Simulation\FileSystem\Instructions.hpp(29,113): error C2065: 'e': undeclared identifier
D:\code\codeProjects\rocketSimulation\Simulation\FileSystem\Instructions.hpp(29,15): error C3861: 'error': identifier not found
D:\code\codeProjects\rocketSimulation\Simulation\FileSystem\Instructions.hpp(29,122): error C2065: 'badUserBehavior': undeclared identifier
D:\code\codeProjects\rocketSimulation\Simulation\helpers\controles.hpp(94,4): error C2382: 'abs': redefinition; different exception specifications
C:\Program Files\Microsoft Visual Studio\2022\Community\VC\Tools\MSVC\14.30.30705\include\cstdlib(31): message : see declaration of 'abs'
D:\code\codeProjects\rocketSimulation\Simulation\helpers\controles.hpp(154,16): error C2065: 'Instructions': undeclared identifier
D:\code\codeProjects\rocketSimulation\Simulation\helpers\controles.hpp(154,9): error C2923: 'Database::Vector': 'Instructions' is not a valid template type argument for parameter 'T'
D:\code\codeProjects\rocketSimulation\Simulation\helpers\controles.hpp(154): message : see declaration of 'Instructions'
D:\code\codeProjects\rocketSimulation\Simulation\helpers\controles.hpp(154,43): error C2955: 'Database::Vector': use of class template requires template argument list
D:\code\codeProjects\rocketSimulation\externalLibs\database\include\Vector.hpp(8): message : see declaration of 'Database::Vector'
  main.cpp
D:\code\codeProjects\rocketSimulation\Simulation\main.cpp(8,138): error C2065: 'severe': undeclared identifier
D:\code\codeProjects\rocketSimulation\Simulation\main.cpp(8,14): error C3861: 'error': identifier not found
D:\code\codeProjects\rocketSimulation\Simulation\main.cpp(8,3): error C3861: 'writeError': identifier not found
  Planet.cpp
D:\code\codeProjects\rocketSimulation\Simulation\rocket\Fuelmap.hpp(15,10): error C2061: syntax error: identifier 'String'
D:\code\codeProjects\rocketSimulation\Simulation\rocket\Fuelmap.hpp(15,9): error C2535: 'Fuelmap::Fuelmap(void)': member function already defined or declared
D:\code\codeProjects\rocketSimulation\Simulation\rocket\Fuelmap.hpp(14): message : see declaration of 'Fuelmap::Fuelmap'
D:\code\codeProjects\rocketSimulation\Simulation\rocket\Fuelmap.hpp(16,17): error C2065: 'String': undeclared identifier
D:\code\codeProjects\rocketSimulation\Simulation\rocket\Fuelmap.hpp(16,10): error C7568: argument list missing after assumed function template 'Vector'
D:\code\codeProjects\rocketSimulation\Simulation\rocket\Fuelmap.hpp(16,31): error C7568: argument list missing after assumed function template 'Vector'
D:\code\codeProjects\rocketSimulation\Simulation\rocket\Fuelmap.hpp(28,9): error C2065: 'String': undeclared identifier
D:\code\codeProjects\rocketSimulation\Simulation\rocket\Fuelmap.hpp(28,2): error C7568: argument list missing after assumed function template 'Vector'
D:\code\codeProjects\rocketSimulation\Simulation\rocket\Fuelmap.hpp(31,21): error C2065: 'String': undeclared identifier
D:\code\codeProjects\rocketSimulation\Simulation\rocket\Fuelmap.hpp(31,7): error C2923: 'std::unordered_map': 'String' is not a valid template type argument for parameter '_Kty'
D:\code\codeProjects\rocketSimulation\Simulation\rocket\Fuelmap.hpp(31): message : see declaration of 'String'
D:\code\codeProjects\rocketSimulation\Simulation\rocket\Fuelmap.hpp(31,7): error C2976: 'std::unordered_map': too few template arguments
C:\Program Files\Microsoft Visual Studio\2022\Community\VC\Tools\MSVC\14.30.30705\include\unordered_map(67): message : see declaration of 'std::unordered_map'
D:\code\codeProjects\rocketSimulation\Simulation\rocket\Fuelmap.hpp(31,33): error C2955: 'std::unordered_map': use of class template requires template argument list
C:\Program Files\Microsoft Visual Studio\2022\Community\VC\Tools\MSVC\14.30.30705\include\unordered_map(67): message : see declaration of 'std::unordered_map'
D:\code\codeProjects\rocketSimulation\Simulation\rocket\Fuelmap.hpp(14,9): error C2512: 'std::unordered_map': no appropriate default constructor available
C:\Program Files\Microsoft Visual Studio\2022\Community\VC\Tools\MSVC\14.30.30705\include\unordered_map(67,1): message : see declaration of 'std::unordered_map'
D:\code\codeProjects\rocketSimulation\Simulation\rocket\FuelTank.hpp(31,11): error C3646: 'mesh': unknown override specifier
D:\code\codeProjects\rocketSimulation\Simulation\rocket\FuelTank.hpp(31,15): error C4430: missing type specifier - int assumed. Note: C++ does not support default-int
D:\code\codeProjects\rocketSimulation\Simulation\rocket\Engine.hpp(19,8): error C3646: '_shape': unknown override specifier
D:\code\codeProjects\rocketSimulation\Simulation\rocket\Engine.hpp(19,14): error C4430: missing type specifier - int assumed. Note: C++ does not support default-int
D:\code\codeProjects\rocketSimulation\Simulation\rocket\Engine.hpp(28,26): error C2061: syntax error: identifier 'Shape'
D:\code\codeProjects\rocketSimulation\Simulation\rocket\Engine.hpp(32,26): error C2061: syntax error: identifier 'Shape'
D:\code\codeProjects\rocketSimulation\Simulation\rocket\Engine.hpp(30,8): error C2535: 'Engine::Engine(int,ld,ld,Vector3,Vector3,Vector3,Fuelmap)': member function already defined or declared
D:\code\codeProjects\rocketSimulation\Simulation\rocket\Engine.hpp(26): message : see declaration of 'Engine::Engine'
D:\code\codeProjects\rocketSimulation\Simulation\rocket\Engine.hpp(52,14): error C2061: syntax error: identifier 'sizeT'
D:\code\codeProjects\rocketSimulation\Simulation\rocket\Engine.hpp(61,67): error C2061: syntax error: identifier 'Shape'
D:\code\codeProjects\rocketSimulation\Simulation\rocket\rocketStage.hpp(18,31): error C2061: syntax error: identifier 'Shape'
D:\code\codeProjects\rocketSimulation\Simulation\rocket\rocketStage.hpp(24,18): error C3646: 'mesh': unknown override specifier
D:\code\codeProjects\rocketSimulation\Simulation\rocket\rocketStage.hpp(24,23): error C2059: syntax error: ')'
D:\code\codeProjects\rocketSimulation\Simulation\rocket\rocketStage.hpp(24,39): error C2238: unexpected token(s) preceding ';'
D:\code\codeProjects\rocketSimulation\Simulation\rocket\rocketStage.hpp(57,8): error C3646: '_mesh': unknown override specifier
D:\code\codeProjects\rocketSimulation\Simulation\rocket\rocketStage.hpp(57,13): error C4430: missing type specifier - int assumed. Note: C++ does not support default-int
D:\code\codeProjects\rocketSimulation\Simulation\FileSystem\fileSystem.hpp(20,7): error C2182: 'writeError': illegal use of type 'void'
D:\code\codeProjects\rocketSimulation\Simulation\FileSystem\fileSystem.hpp(20,18): error C2065: 'error': undeclared identifier
D:\code\codeProjects\rocketSimulation\Simulation\FileSystem\fileSystem.hpp(20,24): error C2146: syntax error: missing ')' before identifier 'e'
D:\code\codeProjects\rocketSimulation\Simulation\FileSystem\Instructions.hpp(26,4): error C2653: 'objectLists': is not a class or namespace name
D:\code\codeProjects\rocketSimulation\Simulation\FileSystem\Instructions.hpp(26,17): error C2065: 'instructions': undeclared identifier
D:\code\codeProjects\rocketSimulation\Simulation\FileSystem\Instructions.hpp(28,9): error C2061: syntax error: identifier 'error'
D:\code\codeProjects\rocketSimulation\Simulation\FileSystem\Instructions.hpp(28,3): error C2310: catch handlers must specify one type
D:\code\codeProjects\rocketSimulation\Simulation\FileSystem\Instructions.hpp(29,113): error C2065: 'e': undeclared identifier
D:\code\codeProjects\rocketSimulation\Simulation\FileSystem\Instructions.hpp(29,15): error C3861: 'error': identifier not found
D:\code\codeProjects\rocketSimulation\Simulation\FileSystem\Instructions.hpp(29,122): error C2065: 'badUserBehavior': undeclared identifier
D:\code\codeProjects\rocketSimulation\Simulation\helpers\controles.hpp(94,4): error C2382: 'abs': redefinition; different exception specifications
C:\Program Files\Microsoft Visual Studio\2022\Community\VC\Tools\MSVC\14.30.30705\include\cstdlib(31): message : see declaration of 'abs'
D:\code\codeProjects\rocketSimulation\Simulation\helpers\controles.hpp(154,16): error C2065: 'Instructions': undeclared identifier
D:\code\codeProjects\rocketSimulation\Simulation\helpers\controles.hpp(154,9): error C2923: 'Database::Vector': 'Instructions' is not a valid template type argument for parameter 'T'
D:\code\codeProjects\rocketSimulation\Simulation\helpers\controles.hpp(154): message : see declaration of 'Instructions'
D:\code\codeProjects\rocketSimulation\Simulation\helpers\controles.hpp(154,43): error C2955: 'Database::Vector': use of class template requires template argument list
D:\code\codeProjects\rocketSimulation\externalLibs\database\include\Vector.hpp(8): message : see declaration of 'Database::Vector'
D:\code\codeProjects\rocketSimulation\Simulation\Planet.cpp(4,19): error C2382: 'Obstruction::pointInside': redefinition; different exception specifications
D:\code\codeProjects\rocketSimulation\Simulation\planet.hpp(20): message : see declaration of 'Obstruction::pointInside'
D:\code\codeProjects\rocketSimulation\Simulation\Planet.cpp(18,26): error C3615: constexpr function 'Planet::ID' cannot result in a constant expression
D:\code\codeProjects\rocketSimulation\Simulation\Planet.cpp(18,26): message : failure was because type 'Database::String' is not a literal type
D:\code\codeProjects\rocketSimulation\externalLibs\database\include\String.hpp(12,22): message : type 'Database::String' is not a literal type because its data member 'stringVec' is of non-literal type 'Database::Vector<char>'
D:\code\codeProjects\rocketSimulation\externalLibs\database\include\Vector.hpp(23,10): message : type 'Database::Vector<char>' is not a literal type because it has a user-defined destructor
D:\code\codeProjects\rocketSimulation\Simulation\Planet.cpp(20,2): message : failure was caused by call of undefined function or one not declared 'constexpr'
D:\code\codeProjects\rocketSimulation\Simulation\Planet.cpp(20,2): message : see usage of 'Database::String::String'
D:\code\codeProjects\rocketSimulation\Simulation\Planet.cpp(23,27): error C3615: constexpr function 'Planet::pos' cannot result in a constant expression
D:\code\codeProjects\rocketSimulation\Simulation\Planet.cpp(23,27): message : failure was because type 'Vector3' is not a literal type
D:\code\codeProjects\rocketSimulation\Simulation\helpers\Vector3.hpp(6,8): message : type 'Vector3' is not a literal type because it is not an aggregate type, a closure type, or does not have a constexpr constructor that is not a copy or move constructor
D:\code\codeProjects\rocketSimulation\Simulation\Planet.cpp(27,27): error C3615: constexpr function 'Planet::vel' cannot result in a constant expression
D:\code\codeProjects\rocketSimulation\Simulation\Planet.cpp(27,27): message : failure was because type 'Vector3' is not a literal type
D:\code\codeProjects\rocketSimulation\Simulation\helpers\Vector3.hpp(6,8): message : type 'Vector3' is not a literal type because it is not an aggregate type, a closure type, or does not have a constexpr constructor that is not a copy or move constructor
D:\code\codeProjects\rocketSimulation\Simulation\Planet.cpp(39,26): error C3615: constexpr function 'Planet::mesh' cannot result in a constant expression
D:\code\codeProjects\rocketSimulation\Simulation\Planet.cpp(39,26): message : failure was because type 'Sphere' is not a literal type
D:\code\codeProjects\rocketSimulation\Simulation\helpers\Mesh.hpp(20,24): message : type 'Sphere' is not a literal type because its direct base class 'Mesh' is not a literal type
D:\code\codeProjects\rocketSimulation\Simulation\helpers\Mesh.hpp(10,10): message : type 'Mesh' is not a literal type because its data member 'pos' is of non-literal type 'Vector3'
D:\code\codeProjects\rocketSimulation\Simulation\helpers\Vector3.hpp(6,8): message : type 'Vector3' is not a literal type because it is not an aggregate type, a closure type, or does not have a constexpr constructor that is not a copy or move constructor
D:\code\codeProjects\rocketSimulation\Simulation\helpers\Mesh.hpp(7,8): message : type 'Mesh' is not a literal type because it is not an aggregate type, a closure type, or does not have a constexpr constructor that is not a copy or move constructor
D:\code\codeProjects\rocketSimulation\Simulation\helpers\Mesh.hpp(20,8): message : type 'Sphere' is not a literal type because it is not an aggregate type, a closure type, or does not have a constexpr constructor that is not a copy or move constructor
D:\code\codeProjects\rocketSimulation\Simulation\Planet.cpp(43,39): error C3615: constexpr function 'Planet::obstructions' cannot result in a constant expression
D:\code\codeProjects\rocketSimulation\Simulation\Planet.cpp(43,39): message : failure was because type 'Database::Vector<Obstruction>' is not a literal type
D:\code\codeProjects\rocketSimulation\externalLibs\database\include\Vector.hpp(23,10): message : type 'Database::Vector<Obstruction>' is not a literal type because it has a user-defined destructor
  Engine.cpp
D:\code\codeProjects\rocketSimulation\Simulation\rocket\Fuelmap.hpp(15,10): error C2061: syntax error: identifier 'String'
D:\code\codeProjects\rocketSimulation\Simulation\rocket\Fuelmap.hpp(15,9): error C2535: 'Fuelmap::Fuelmap(void)': member function already defined or declared
D:\code\codeProjects\rocketSimulation\Simulation\rocket\Fuelmap.hpp(14): message : see declaration of 'Fuelmap::Fuelmap'
D:\code\codeProjects\rocketSimulation\Simulation\rocket\Fuelmap.hpp(16,17): error C2065: 'String': undeclared identifier
D:\code\codeProjects\rocketSimulation\Simulation\rocket\Fuelmap.hpp(16,10): error C7568: argument list missing after assumed function template 'Vector'
D:\code\codeProjects\rocketSimulation\Simulation\rocket\Fuelmap.hpp(16,31): error C7568: argument list missing after assumed function template 'Vector'
D:\code\codeProjects\rocketSimulation\Simulation\rocket\Fuelmap.hpp(28,9): error C2065: 'String': undeclared identifier
D:\code\codeProjects\rocketSimulation\Simulation\rocket\Fuelmap.hpp(28,2): error C7568: argument list missing after assumed function template 'Vector'
D:\code\codeProjects\rocketSimulation\Simulation\rocket\Fuelmap.hpp(31,21): error C2065: 'String': undeclared identifier
D:\code\codeProjects\rocketSimulation\Simulation\rocket\Fuelmap.hpp(31,7): error C2923: 'std::unordered_map': 'String' is not a valid template type argument for parameter '_Kty'
D:\code\codeProjects\rocketSimulation\Simulation\rocket\Fuelmap.hpp(31): message : see declaration of 'String'
D:\code\codeProjects\rocketSimulation\Simulation\rocket\Fuelmap.hpp(31,7): error C2976: 'std::unordered_map': too few template arguments
C:\Program Files\Microsoft Visual Studio\2022\Community\VC\Tools\MSVC\14.30.30705\include\unordered_map(67): message : see declaration of 'std::unordered_map'
D:\code\codeProjects\rocketSimulation\Simulation\rocket\Fuelmap.hpp(31,33): error C2955: 'std::unordered_map': use of class template requires template argument list
C:\Program Files\Microsoft Visual Studio\2022\Community\VC\Tools\MSVC\14.30.30705\include\unordered_map(67): message : see declaration of 'std::unordered_map'
D:\code\codeProjects\rocketSimulation\Simulation\rocket\Fuelmap.hpp(14,9): error C2512: 'std::unordered_map': no appropriate default constructor available
C:\Program Files\Microsoft Visual Studio\2022\Community\VC\Tools\MSVC\14.30.30705\include\unordered_map(67,1): message : see declaration of 'std::unordered_map'
D:\code\codeProjects\rocketSimulation\Simulation\rocket\FuelTank.hpp(31,11): error C3646: 'mesh': unknown override specifier
D:\code\codeProjects\rocketSimulation\Simulation\rocket\FuelTank.hpp(31,15): error C4430: missing type specifier - int assumed. Note: C++ does not support default-int
D:\code\codeProjects\rocketSimulation\Simulation\rocket\rocketStage.hpp(17,10): error C2065: 'Engine': undeclared identifier
D:\code\codeProjects\rocketSimulation\Simulation\rocket\rocketStage.hpp(17,3): error C2923: 'Database::Vector': 'Engine' is not a valid template type argument for parameter 'T'
D:\code\codeProjects\rocketSimulation\Simulation\rocket\rocketStage.hpp(17): message : see declaration of 'Engine'
D:\code\codeProjects\rocketSimulation\Simulation\rocket\rocketStage.hpp(17,34): error C2065: 'ReactionThruster': undeclared identifier
D:\code\codeProjects\rocketSimulation\Simulation\rocket\rocketStage.hpp(17,27): error C2923: 'Database::Vector': 'ReactionThruster' is not a valid template type argument for parameter 'T'
D:\code\codeProjects\rocketSimulation\Simulation\rocket\rocketStage.hpp(17): message : see declaration of 'ReactionThruster'
D:\code\codeProjects\rocketSimulation\Simulation\rocket\rocketStage.hpp(17,18): error C2955: 'Database::Vector': use of class template requires template argument list
D:\code\codeProjects\rocketSimulation\externalLibs\database\include\Vector.hpp(8): message : see declaration of 'Database::Vector'
D:\code\codeProjects\rocketSimulation\Simulation\rocket\rocketStage.hpp(17,52): error C2955: 'Database::Vector': use of class template requires template argument list
D:\code\codeProjects\rocketSimulation\externalLibs\database\include\Vector.hpp(8): message : see declaration of 'Database::Vector'
D:\code\codeProjects\rocketSimulation\Simulation\rocket\rocketStage.hpp(18,31): error C2061: syntax error: identifier 'Shape'
D:\code\codeProjects\rocketSimulation\Simulation\rocket\rocketStage.hpp(24,18): error C3646: 'mesh': unknown override specifier
D:\code\codeProjects\rocketSimulation\Simulation\rocket\rocketStage.hpp(24,23): error C2059: syntax error: ')'
D:\code\codeProjects\rocketSimulation\Simulation\rocket\rocketStage.hpp(24,39): error C2238: unexpected token(s) preceding ';'
D:\code\codeProjects\rocketSimulation\Simulation\rocket\rocketStage.hpp(27,19): error C2065: 'Engine': undeclared identifier
D:\code\codeProjects\rocketSimulation\Simulation\rocket\rocketStage.hpp(27,12): error C2923: 'Database::Vector': 'Engine' is not a valid template type argument for parameter 'T'
D:\code\codeProjects\rocketSimulation\Simulation\rocket\rocketStage.hpp(27): message : see declaration of 'Engine'
D:\code\codeProjects\rocketSimulation\Simulation\rocket\rocketStage.hpp(27,51): error C2955: 'Database::Vector': use of class template requires template argument list
D:\code\codeProjects\rocketSimulation\externalLibs\database\include\Vector.hpp(8): message : see declaration of 'Database::Vector'
D:\code\codeProjects\rocketSimulation\Simulation\rocket\rocketStage.hpp(49,8): error C2143: syntax error: missing ';' before '*'
D:\code\codeProjects\rocketSimulation\Simulation\rocket\rocketStage.hpp(49,8): error C4430: missing type specifier - int assumed. Note: C++ does not support default-int
D:\code\codeProjects\rocketSimulation\Simulation\rocket\rocketStage.hpp(49,45): error C2238: unexpected token(s) preceding ';'
D:\code\codeProjects\rocketSimulation\Simulation\rocket\rocketStage.hpp(50,18): error C2143: syntax error: missing ';' before '*'
D:\code\codeProjects\rocketSimulation\Simulation\rocket\rocketStage.hpp(50,18): error C4430: missing type specifier - int assumed. Note: C++ does not support default-int
D:\code\codeProjects\rocketSimulation\Simulation\rocket\rocketStage.hpp(50,65): error C2238: unexpected token(s) preceding ';'
D:\code\codeProjects\rocketSimulation\Simulation\rocket\rocketStage.hpp(57,8): error C3646: '_mesh': unknown override specifier
D:\code\codeProjects\rocketSimulation\Simulation\rocket\rocketStage.hpp(57,13): error C4430: missing type specifier - int assumed. Note: C++ does not support default-int
D:\code\codeProjects\rocketSimulation\Simulation\rocket\rocketStage.hpp(61,9): error C2065: 'Engine': undeclared identifier
D:\code\codeProjects\rocketSimulation\Simulation\rocket\rocketStage.hpp(61,2): error C2923: 'Database::Vector': 'Engine' is not a valid template type argument for parameter 'T'
D:\code\codeProjects\rocketSimulation\Simulation\rocket\rocketStage.hpp(61): message : see declaration of 'Engine'
D:\code\codeProjects\rocketSimulation\Simulation\rocket\rocketStage.hpp(61,17): error C2955: 'Database::Vector': use of class template requires template argument list
D:\code\codeProjects\rocketSimulation\externalLibs\database\include\Vector.hpp(8): message : see declaration of 'Database::Vector'
D:\code\codeProjects\rocketSimulation\Simulation\rocket\rocketStage.hpp(62,9): error C2065: 'ReactionThruster': undeclared identifier
D:\code\codeProjects\rocketSimulation\Simulation\rocket\rocketStage.hpp(62,2): error C2923: 'Database::Vector': 'ReactionThruster' is not a valid template type argument for parameter 'T'
D:\code\codeProjects\rocketSimulation\Simulation\rocket\rocketStage.hpp(62): message : see declaration of 'ReactionThruster'
D:\code\codeProjects\rocketSimulation\Simulation\rocket\rocketStage.hpp(62,27): error C2955: 'Database::Vector': use of class template requires template argument list
D:\code\codeProjects\rocketSimulation\externalLibs\database\include\Vector.hpp(8): message : see declaration of 'Database::Vector'
D:\code\codeProjects\rocketSimulation\Simulation\planet.hpp(11,8): error C3646: 'mesh': unknown override specifier
D:\code\codeProjects\rocketSimulation\Simulation\planet.hpp(11,12): error C4430: missing type specifier - int assumed. Note: C++ does not support default-int
D:\code\codeProjects\rocketSimulation\Simulation\planet.hpp(15,14): error C2061: syntax error: identifier 'Shape'
D:\code\codeProjects\rocketSimulation\Simulation\planet.hpp(17,51): error C2061: syntax error: identifier 'Shape'
D:\code\codeProjects\rocketSimulation\Simulation\planet.hpp(16,10): error C2065: 'mesh': undeclared identifier
D:\code\codeProjects\rocketSimulation\Simulation\planet.hpp(16,5): error C2614: 'Obstruction': illegal member initialization: 'mesh' is not a base or member
D:\code\codeProjects\rocketSimulation\Simulation\planet.hpp(18,45): error C2065: 'mesh': undeclared identifier
D:\code\codeProjects\rocketSimulation\Simulation\planet.hpp(18,40): error C2614: 'Obstruction': illegal member initialization: 'mesh' is not a base or member
D:\code\codeProjects\rocketSimulation\Simulation\planet.hpp(28,9): error C3646: '_mesh': unknown override specifier
D:\code\codeProjects\rocketSimulation\Simulation\planet.hpp(28,14): error C4430: missing type specifier - int assumed. Note: C++ does not support default-int
D:\code\codeProjects\rocketSimulation\Simulation\planet.hpp(44,19): error C3646: 'mesh': unknown override specifier
D:\code\codeProjects\rocketSimulation\Simulation\planet.hpp(44,24): error C2059: syntax error: ')'
D:\code\codeProjects\rocketSimulation\Simulation\planet.hpp(44,40): error C2238: unexpected token(s) preceding ';'
D:\code\codeProjects\rocketSimulation\Simulation\planet.hpp(58,16): error C2061: syntax error: identifier 'geographicCoordinate'
D:\code\codeProjects\rocketSimulation\Simulation\planet.hpp(59,26): error C2061: syntax error: identifier 'geographicCoordinate'
D:\code\codeProjects\rocketSimulation\Simulation\planet.hpp(60,26): error C2061: syntax error: identifier 'geographicCoordinate'
D:\code\codeProjects\rocketSimulation\Simulation\FileSystem\fileSystem.hpp(20,7): error C2182: 'writeError': illegal use of type 'void'
D:\code\codeProjects\rocketSimulation\Simulation\FileSystem\fileSystem.hpp(20,18): error C2065: 'error': undeclared identifier
D:\code\codeProjects\rocketSimulation\Simulation\FileSystem\fileSystem.hpp(20,24): error C2146: syntax error: missing ')' before identifier 'e'
D:\code\codeProjects\rocketSimulation\Simulation\FileSystem\Instructions.hpp(26,4): error C2653: 'objectLists': is not a class or namespace name
D:\code\codeProjects\rocketSimulation\Simulation\FileSystem\Instructions.hpp(26,17): error C2065: 'instructions': undeclared identifier
D:\code\codeProjects\rocketSimulation\Simulation\FileSystem\Instructions.hpp(28,9): error C2061: syntax error: identifier 'error'
D:\code\codeProjects\rocketSimulation\Simulation\FileSystem\Instructions.hpp(28,3): error C2310: catch handlers must specify one type
D:\code\codeProjects\rocketSimulation\Simulation\FileSystem\Instructions.hpp(29,113): error C2065: 'e': undeclared identifier
D:\code\codeProjects\rocketSimulation\Simulation\FileSystem\Instructions.hpp(29,15): error C3861: 'error': identifier not found
D:\code\codeProjects\rocketSimulation\Simulation\FileSystem\Instructions.hpp(29,122): error C2065: 'badUserBehavior': undeclared identifier
D:\code\codeProjects\rocketSimulation\Simulation\helpers\controles.hpp(94,4): error C2382: 'abs': redefinition; different exception specifications
C:\Program Files\Microsoft Visual Studio\2022\Community\VC\Tools\MSVC\14.30.30705\include\cstdlib(31): message : see declaration of 'abs'
D:\code\codeProjects\rocketSimulation\Simulation\helpers\controles.hpp(154,16): error C2065: 'Instructions': undeclared identifier
D:\code\codeProjects\rocketSimulation\Simulation\helpers\controles.hpp(154,9): error C2923: 'Database::Vector': 'Instructions' is not a valid template type argument for parameter 'T'
D:\code\codeProjects\rocketSimulation\Simulation\helpers\controles.hpp(154): message : see declaration of 'Instructions'
D:\code\codeProjects\rocketSimulation\Simulation\helpers\controles.hpp(154,43): error C2955: 'Database::Vector': use of class template requires template argument list
D:\code\codeProjects\rocketSimulation\externalLibs\database\include\Vector.hpp(8): message : see declaration of 'Database::Vector'
D:\code\codeProjects\rocketSimulation\Simulation\rocket\Engine.cpp(117,27): error C2039: 'mesh': is not a member of 'PhysicsPlanet'
D:\code\codeProjects\rocketSimulation\Simulation\helpers\controles.hpp(26): message : see declaration of 'PhysicsPlanet'
D:\code\codeProjects\rocketSimulation\Simulation\rocket\Engine.cpp(117,6): error C2661: 'collision': no overloaded function takes 1 arguments
D:\code\codeProjects\rocketSimulation\Simulation\rocket\Engine.cpp(120,20): error C2039: 'mesh': is not a member of 'Obstruction'
D:\code\codeProjects\rocketSimulation\Simulation\planet.hpp(9): message : see declaration of 'Obstruction'
D:\code\codeProjects\rocketSimulation\Simulation\rocket\Engine.cpp(124,27): error C2039: 'mesh': is not a member of 'FixedOrbitPlanet'
D:\code\codeProjects\rocketSimulation\Simulation\helpers\controles.hpp(27): message : see declaration of 'FixedOrbitPlanet'
D:\code\codeProjects\rocketSimulation\Simulation\rocket\Engine.cpp(124,6): error C2661: 'collision': no overloaded function takes 1 arguments
D:\code\codeProjects\rocketSimulation\Simulation\rocket\Engine.cpp(127,20): error C2039: 'mesh': is not a member of 'Obstruction'
D:\code\codeProjects\rocketSimulation\Simulation\planet.hpp(9): message : see declaration of 'Obstruction'
D:\code\codeProjects\rocketSimulation\Simulation\rocket\Engine.cpp(136,1): error C2512: 'Engine': no appropriate default constructor available
D:\code\codeProjects\rocketSimulation\Simulation\rocket\Engine.hpp(11,7): message : see declaration of 'Engine'
  Fuelmap.cpp
D:\code\codeProjects\rocketSimulation\Simulation\helpers\Mesh.hpp(16,10): error C7568: argument list missing after assumed function template 'Vector'
D:\code\codeProjects\rocketSimulation\Simulation\helpers\Mesh.hpp(16): error C2062: type 'unknown-type' unexpected
D:\code\codeProjects\rocketSimulation\Simulation\helpers\Mesh.hpp(16,55): error C2653: 'options': is not a class or namespace name
D:\code\codeProjects\rocketSimulation\Simulation\helpers\Mesh.hpp(16,115): error C2238: unexpected token(s) preceding ';'
D:\code\codeProjects\rocketSimulation\Simulation\helpers\Mesh.hpp(29,2): error C7568: argument list missing after assumed function template 'Vector'
D:\code\codeProjects\rocketSimulation\Simulation\helpers\Mesh.hpp(29,37): error C2061: syntax error: identifier 'sizeT'
D:\code\codeProjects\rocketSimulation\Simulation\helpers\Mesh.hpp(43,2): error C7568: argument list missing after assumed function template 'Vector'
D:\code\codeProjects\rocketSimulation\Simulation\helpers\Mesh.hpp(43,37): error C2061: syntax error: identifier 'sizeT'
D:\code\codeProjects\rocketSimulation\Simulation\helpers\Mesh.hpp(52,24): error C2061: syntax error: identifier 'sizeT'
D:\code\codeProjects\rocketSimulation\Simulation\helpers\Mesh.hpp(59,2): error C7568: argument list missing after assumed function template 'Vector'
D:\code\codeProjects\rocketSimulation\Simulation\helpers\Mesh.hpp(59,37): error C2061: syntax error: identifier 'sizeT'
D:\code\codeProjects\rocketSimulation\Simulation\helpers\Mesh.hpp(56,28): error C2065: 'PI': undeclared identifier
D:\code\codeProjects\rocketSimulation\Simulation\helpers\Mesh.hpp(77,2): error C7568: argument list missing after assumed function template 'Vector'
D:\code\codeProjects\rocketSimulation\Simulation\helpers\Mesh.hpp(77,37): error C2061: syntax error: identifier 'sizeT'
D:\code\codeProjects\rocketSimulation\Simulation\helpers\Mesh.hpp(92,2): error C7568: argument list missing after assumed function template 'Vector'
D:\code\codeProjects\rocketSimulation\Simulation\helpers\Mesh.hpp(95,26): error C7568: argument list missing after assumed function template 'Vector'
D:\code\codeProjects\rocketSimulation\Simulation\helpers\Mesh.hpp(95,41): error C4430: missing type specifier - int assumed. Note: C++ does not support default-int
D:\code\codeProjects\rocketSimulation\Simulation\helpers\Mesh.hpp(95): error C2144: syntax error: 'unknown-type' should be preceded by ')'
D:\code\codeProjects\rocketSimulation\Simulation\helpers\Mesh.hpp(95): error C2144: syntax error: 'unknown-type' should be preceded by ';'
D:\code\codeProjects\rocketSimulation\Simulation\helpers\Mesh.hpp(95,48): error C2059: syntax error: ')'
D:\code\codeProjects\rocketSimulation\Simulation\helpers\Mesh.hpp(95,50): error C2143: syntax error: missing ';' before 'const'
D:\code\codeProjects\rocketSimulation\Simulation\helpers\Mesh.hpp(95,56): error C4430: missing type specifier - int assumed. Note: C++ does not support default-int
D:\code\codeProjects\rocketSimulation\Simulation\helpers\Mesh.hpp(95,56): error C2059: syntax error: 'noexcept'
D:\code\codeProjects\rocketSimulation\Simulation\helpers\Mesh.hpp(95,64): error C2238: unexpected token(s) preceding ';'
D:\code\codeProjects\rocketSimulation\Simulation\rocket\FuelTank.hpp(18,10): error C3646: 'fuelmap': unknown override specifier
D:\code\codeProjects\rocketSimulation\Simulation\rocket\FuelTank.hpp(18,17): error C2059: syntax error: '('
D:\code\codeProjects\rocketSimulation\Simulation\rocket\FuelTank.hpp(18,34): error C2238: unexpected token(s) preceding ';'
D:\code\codeProjects\rocketSimulation\Simulation\rocket\FuelTank.hpp(26,18): error C2061: syntax error: identifier 'Fuelmap'
D:\code\codeProjects\rocketSimulation\Simulation\rocket\FuelTank.hpp(30,10): error C3646: '_fuel': unknown override specifier
D:\code\codeProjects\rocketSimulation\Simulation\rocket\FuelTank.hpp(30,15): error C4430: missing type specifier - int assumed. Note: C++ does not support default-int
D:\code\codeProjects\rocketSimulation\Simulation\rocket\Engine.hpp(17,10): error C3646: '_fuelPerSecond': unknown override specifier
D:\code\codeProjects\rocketSimulation\Simulation\rocket\Engine.hpp(17,24): error C4430: missing type specifier - int assumed. Note: C++ does not support default-int
D:\code\codeProjects\rocketSimulation\Simulation\rocket\Engine.hpp(28,3): error C2061: syntax error: identifier 'Fuelmap'
D:\code\codeProjects\rocketSimulation\Simulation\rocket\Engine.hpp(32,3): error C2061: syntax error: identifier 'Fuelmap'
D:\code\codeProjects\rocketSimulation\Simulation\rocket\Engine.hpp(30,8): error C2535: 'Engine::Engine(int,ld,ld,Vector3,Vector3,Vector3)': member function already defined or declared
D:\code\codeProjects\rocketSimulation\Simulation\rocket\Engine.hpp(26): message : see declaration of 'Engine::Engine'
D:\code\codeProjects\rocketSimulation\Simulation\rocket\Engine.hpp(49,41): error C2061: syntax error: identifier 'Fuelmap'
D:\code\codeProjects\rocketSimulation\Simulation\rocket\Engine.hpp(52,14): error C2061: syntax error: identifier 'sizeT'
D:\code\codeProjects\rocketSimulation\Simulation\planet.hpp(15,26): error C2061: syntax error: identifier 'geographicCoordinate'
D:\code\codeProjects\rocketSimulation\Simulation\planet.hpp(58,16): error C2061: syntax error: identifier 'geographicCoordinate'
D:\code\codeProjects\rocketSimulation\Simulation\planet.hpp(59,26): error C2061: syntax error: identifier 'geographicCoordinate'
D:\code\codeProjects\rocketSimulation\Simulation\planet.hpp(60,26): error C2061: syntax error: identifier 'geographicCoordinate'
D:\code\codeProjects\rocketSimulation\Simulation\FileSystem\fileSystem.hpp(20,7): error C2182: 'writeError': illegal use of type 'void'
D:\code\codeProjects\rocketSimulation\Simulation\FileSystem\fileSystem.hpp(20,18): error C2065: 'error': undeclared identifier
D:\code\codeProjects\rocketSimulation\Simulation\FileSystem\fileSystem.hpp(20,24): error C2146: syntax error: missing ')' before identifier 'e'
D:\code\codeProjects\rocketSimulation\Simulation\FileSystem\Instructions.hpp(26,4): error C2653: 'objectLists': is not a class or namespace name
D:\code\codeProjects\rocketSimulation\Simulation\FileSystem\Instructions.hpp(26,17): error C2065: 'instructions': undeclared identifier
D:\code\codeProjects\rocketSimulation\Simulation\FileSystem\Instructions.hpp(28,9): error C2061: syntax error: identifier 'error'
D:\code\codeProjects\rocketSimulation\Simulation\FileSystem\Instructions.hpp(28,3): error C2310: catch handlers must specify one type
D:\code\codeProjects\rocketSimulation\Simulation\FileSystem\Instructions.hpp(29,113): error C2065: 'e': undeclared identifier
D:\code\codeProjects\rocketSimulation\Simulation\FileSystem\Instructions.hpp(29,15): error C3861: 'error': identifier not found
D:\code\codeProjects\rocketSimulation\Simulation\FileSystem\Instructions.hpp(29,122): error C2065: 'badUserBehavior': undeclared identifier
D:\code\codeProjects\rocketSimulation\Simulation\helpers\controles.hpp(94,4): error C2382: 'abs': redefinition; different exception specifications
C:\Program Files\Microsoft Visual Studio\2022\Community\VC\Tools\MSVC\14.30.30705\include\cstdlib(31): message : see declaration of 'abs'
D:\code\codeProjects\rocketSimulation\Simulation\helpers\controles.hpp(154,16): error C2065: 'Instructions': undeclared identifier
D:\code\codeProjects\rocketSimulation\Simulation\helpers\controles.hpp(154,9): error C2923: 'Database::Vector': 'Instructions' is not a valid template type argument for parameter 'T'
D:\code\codeProjects\rocketSimulation\Simulation\helpers\controles.hpp(154): message : see declaration of 'Instructions'
D:\code\codeProjects\rocketSimulation\Simulation\helpers\controles.hpp(154,43): error C2955: 'Database::Vector': use of class template requires template argument list
D:\code\codeProjects\rocketSimulation\externalLibs\database\include\Vector.hpp(8): message : see declaration of 'Database::Vector'
  FuelTank.cpp
D:\code\codeProjects\rocketSimulation\Simulation\rocket\Fuelmap.hpp(15,10): error C2061: syntax error: identifier 'String'
D:\code\codeProjects\rocketSimulation\Simulation\rocket\Fuelmap.hpp(15,9): error C2535: 'Fuelmap::Fuelmap(void)': member function already defined or declared
D:\code\codeProjects\rocketSimulation\Simulation\rocket\Fuelmap.hpp(14): message : see declaration of 'Fuelmap::Fuelmap'
D:\code\codeProjects\rocketSimulation\Simulation\rocket\Fuelmap.hpp(16,17): error C2065: 'String': undeclared identifier
D:\code\codeProjects\rocketSimulation\Simulation\rocket\Fuelmap.hpp(16,10): error C7568: argument list missing after assumed function template 'Vector'
D:\code\codeProjects\rocketSimulation\Simulation\rocket\Fuelmap.hpp(16,31): error C7568: argument list missing after assumed function template 'Vector'
D:\code\codeProjects\rocketSimulation\Simulation\rocket\Fuelmap.hpp(28,9): error C2065: 'String': undeclared identifier
D:\code\codeProjects\rocketSimulation\Simulation\rocket\Fuelmap.hpp(28,2): error C7568: argument list missing after assumed function template 'Vector'
D:\code\codeProjects\rocketSimulation\Simulation\rocket\Fuelmap.hpp(31,21): error C2065: 'String': undeclared identifier
D:\code\codeProjects\rocketSimulation\Simulation\rocket\Fuelmap.hpp(31,7): error C2923: 'std::unordered_map': 'String' is not a valid template type argument for parameter '_Kty'
D:\code\codeProjects\rocketSimulation\Simulation\rocket\Fuelmap.hpp(31): message : see declaration of 'String'
D:\code\codeProjects\rocketSimulation\Simulation\rocket\Fuelmap.hpp(31,7): error C2976: 'std::unordered_map': too few template arguments
C:\Program Files\Microsoft Visual Studio\2022\Community\VC\Tools\MSVC\14.30.30705\include\unordered_map(67): message : see declaration of 'std::unordered_map'
D:\code\codeProjects\rocketSimulation\Simulation\rocket\Fuelmap.hpp(31,33): error C2955: 'std::unordered_map': use of class template requires template argument list
C:\Program Files\Microsoft Visual Studio\2022\Community\VC\Tools\MSVC\14.30.30705\include\unordered_map(67): message : see declaration of 'std::unordered_map'
D:\code\codeProjects\rocketSimulation\Simulation\rocket\Fuelmap.hpp(14,9): error C2512: 'std::unordered_map': no appropriate default constructor available
C:\Program Files\Microsoft Visual Studio\2022\Community\VC\Tools\MSVC\14.30.30705\include\unordered_map(67,1): message : see declaration of 'std::unordered_map'
D:\code\codeProjects\rocketSimulation\Simulation\rocket\Engine.hpp(19,8): error C3646: '_shape': unknown override specifier
D:\code\codeProjects\rocketSimulation\Simulation\rocket\Engine.hpp(19,14): error C4430: missing type specifier - int assumed. Note: C++ does not support default-int
D:\code\codeProjects\rocketSimulation\Simulation\rocket\Engine.hpp(28,26): error C2061: syntax error: identifier 'Shape'
D:\code\codeProjects\rocketSimulation\Simulation\rocket\Engine.hpp(32,26): error C2061: syntax error: identifier 'Shape'
D:\code\codeProjects\rocketSimulation\Simulation\rocket\Engine.hpp(30,8): error C2535: 'Engine::Engine(int,ld,ld,Vector3,Vector3,Vector3,Fuelmap)': member function already defined or declared
D:\code\codeProjects\rocketSimulation\Simulation\rocket\Engine.hpp(26): message : see declaration of 'Engine::Engine'
D:\code\codeProjects\rocketSimulation\Simulation\rocket\Engine.hpp(52,14): error C2061: syntax error: identifier 'sizeT'
D:\code\codeProjects\rocketSimulation\Simulation\rocket\Engine.hpp(61,67): error C2061: syntax error: identifier 'Shape'
D:\code\codeProjects\rocketSimulation\Simulation\rocket\rocketStage.hpp(18,10): error C2065: 'FuelTank': undeclared identifier
D:\code\codeProjects\rocketSimulation\Simulation\rocket\rocketStage.hpp(18,3): error C2923: 'Database::Vector': 'FuelTank' is not a valid template type argument for parameter 'T'
D:\code\codeProjects\rocketSimulation\Simulation\rocket\rocketStage.hpp(18): message : see declaration of 'FuelTank'
D:\code\codeProjects\rocketSimulation\Simulation\rocket\rocketStage.hpp(18,20): error C2955: 'Database::Vector': use of class template requires template argument list
D:\code\codeProjects\rocketSimulation\externalLibs\database\include\Vector.hpp(8): message : see declaration of 'Database::Vector'
D:\code\codeProjects\rocketSimulation\Simulation\rocket\rocketStage.hpp(18,31): error C2061: syntax error: identifier 'Shape'
D:\code\codeProjects\rocketSimulation\Simulation\rocket\rocketStage.hpp(24,18): error C3646: 'mesh': unknown override specifier
D:\code\codeProjects\rocketSimulation\Simulation\rocket\rocketStage.hpp(24,23): error C2059: syntax error: ')'
D:\code\codeProjects\rocketSimulation\Simulation\rocket\rocketStage.hpp(24,39): error C2238: unexpected token(s) preceding ';'
D:\code\codeProjects\rocketSimulation\Simulation\rocket\rocketStage.hpp(29,19): error C2065: 'FuelTank': undeclared identifier
D:\code\codeProjects\rocketSimulation\Simulation\rocket\rocketStage.hpp(29,12): error C2923: 'Database::Vector': 'FuelTank' is not a valid template type argument for parameter 'T'
D:\code\codeProjects\rocketSimulation\Simulation\rocket\rocketStage.hpp(29): message : see declaration of 'FuelTank'
D:\code\codeProjects\rocketSimulation\Simulation\rocket\rocketStage.hpp(29,55): error C2955: 'Database::Vector': use of class template requires template argument list
D:\code\codeProjects\rocketSimulation\externalLibs\database\include\Vector.hpp(8): message : see declaration of 'Database::Vector'
D:\code\codeProjects\rocketSimulation\Simulation\rocket\rocketStage.hpp(51,10): error C2143: syntax error: missing ';' before '*'
D:\code\codeProjects\rocketSimulation\Simulation\rocket\rocketStage.hpp(51,10): error C4430: missing type specifier - int assumed. Note: C++ does not support default-int
D:\code\codeProjects\rocketSimulation\Simulation\rocket\rocketStage.hpp(51,49): error C2238: unexpected token(s) preceding ';'
D:\code\codeProjects\rocketSimulation\Simulation\rocket\rocketStage.hpp(57,8): error C3646: '_mesh': unknown override specifier
D:\code\codeProjects\rocketSimulation\Simulation\rocket\rocketStage.hpp(57,13): error C4430: missing type specifier - int assumed. Note: C++ does not support default-int
D:\code\codeProjects\rocketSimulation\Simulation\rocket\rocketStage.hpp(63,9): error C2065: 'FuelTank': undeclared identifier
D:\code\codeProjects\rocketSimulation\Simulation\rocket\rocketStage.hpp(63,2): error C2923: 'Database::Vector': 'FuelTank' is not a valid template type argument for parameter 'T'
D:\code\codeProjects\rocketSimulation\Simulation\rocket\rocketStage.hpp(63): message : see declaration of 'FuelTank'
D:\code\codeProjects\rocketSimulation\Simulation\rocket\rocketStage.hpp(63,19): error C2955: 'Database::Vector': use of class template requires template argument list
D:\code\codeProjects\rocketSimulation\externalLibs\database\include\Vector.hpp(8): message : see declaration of 'Database::Vector'
D:\code\codeProjects\rocketSimulation\Simulation\planet.hpp(11,8): error C3646: 'mesh': unknown override specifier
D:\code\codeProjects\rocketSimulation\Simulation\planet.hpp(11,12): error C4430: missing type specifier - int assumed. Note: C++ does not support default-int
D:\code\codeProjects\rocketSimulation\Simulation\planet.hpp(15,14): error C2061: syntax error: identifier 'Shape'
D:\code\codeProjects\rocketSimulation\Simulation\planet.hpp(17,51): error C2061: syntax error: identifier 'Shape'
D:\code\codeProjects\rocketSimulation\Simulation\planet.hpp(16,10): error C2065: 'mesh': undeclared identifier
D:\code\codeProjects\rocketSimulation\Simulation\planet.hpp(16,5): error C2614: 'Obstruction': illegal member initialization: 'mesh' is not a base or member
D:\code\codeProjects\rocketSimulation\Simulation\planet.hpp(18,45): error C2065: 'mesh': undeclared identifier
D:\code\codeProjects\rocketSimulation\Simulation\planet.hpp(18,40): error C2614: 'Obstruction': illegal member initialization: 'mesh' is not a base or member
D:\code\codeProjects\rocketSimulation\Simulation\planet.hpp(28,9): error C3646: '_mesh': unknown override specifier
D:\code\codeProjects\rocketSimulation\Simulation\planet.hpp(28,14): error C4430: missing type specifier - int assumed. Note: C++ does not support default-int
D:\code\codeProjects\rocketSimulation\Simulation\planet.hpp(44,19): error C3646: 'mesh': unknown override specifier
D:\code\codeProjects\rocketSimulation\Simulation\planet.hpp(44,24): error C2059: syntax error: ')'
D:\code\codeProjects\rocketSimulation\Simulation\planet.hpp(44,40): error C2238: unexpected token(s) preceding ';'
D:\code\codeProjects\rocketSimulation\Simulation\planet.hpp(58,16): error C2061: syntax error: identifier 'geographicCoordinate'
D:\code\codeProjects\rocketSimulation\Simulation\planet.hpp(59,26): error C2061: syntax error: identifier 'geographicCoordinate'
D:\code\codeProjects\rocketSimulation\Simulation\planet.hpp(60,26): error C2061: syntax error: identifier 'geographicCoordinate'
D:\code\codeProjects\rocketSimulation\Simulation\FileSystem\fileSystem.hpp(20,7): error C2182: 'writeError': illegal use of type 'void'
D:\code\codeProjects\rocketSimulation\Simulation\FileSystem\fileSystem.hpp(20,18): error C2065: 'error': undeclared identifier
D:\code\codeProjects\rocketSimulation\Simulation\FileSystem\fileSystem.hpp(20,24): error C2146: syntax error: missing ')' before identifier 'e'
D:\code\codeProjects\rocketSimulation\Simulation\FileSystem\Instructions.hpp(26,4): error C2653: 'objectLists': is not a class or namespace name
D:\code\codeProjects\rocketSimulation\Simulation\FileSystem\Instructions.hpp(26,17): error C2065: 'instructions': undeclared identifier
D:\code\codeProjects\rocketSimulation\Simulation\FileSystem\Instructions.hpp(28,9): error C2061: syntax error: identifier 'error'
D:\code\codeProjects\rocketSimulation\Simulation\FileSystem\Instructions.hpp(28,3): error C2310: catch handlers must specify one type
D:\code\codeProjects\rocketSimulation\Simulation\FileSystem\Instructions.hpp(29,113): error C2065: 'e': undeclared identifier
D:\code\codeProjects\rocketSimulation\Simulation\FileSystem\Instructions.hpp(29,15): error C3861: 'error': identifier not found
D:\code\codeProjects\rocketSimulation\Simulation\FileSystem\Instructions.hpp(29,122): error C2065: 'badUserBehavior': undeclared identifier
D:\code\codeProjects\rocketSimulation\Simulation\helpers\controles.hpp(94,4): error C2382: 'abs': redefinition; different exception specifications
C:\Program Files\Microsoft Visual Studio\2022\Community\VC\Tools\MSVC\14.30.30705\include\cstdlib(31): message : see declaration of 'abs'
D:\code\codeProjects\rocketSimulation\Simulation\helpers\controles.hpp(154,16): error C2065: 'Instructions': undeclared identifier
D:\code\codeProjects\rocketSimulation\Simulation\helpers\controles.hpp(154,9): error C2923: 'Database::Vector': 'Instructions' is not a valid template type argument for parameter 'T'
D:\code\codeProjects\rocketSimulation\Simulation\helpers\controles.hpp(154): message : see declaration of 'Instructions'
D:\code\codeProjects\rocketSimulation\Simulation\helpers\controles.hpp(154,43): error C2955: 'Database::Vector': use of class template requires template argument list
D:\code\codeProjects\rocketSimulation\externalLibs\database\include\Vector.hpp(8): message : see declaration of 'Database::Vector'
D:\code\codeProjects\rocketSimulation\Simulation\rocket\FuelTank.cpp(4,61): error C2664: 'Fuelmap::Fuelmap(unknown-type,unknown-type)': cannot convert argument 1 from 'Database::String' to 'unknown-type'
D:\code\codeProjects\rocketSimulation\Simulation\rocket\Fuelmap.hpp(16,2): message : see declaration of 'Fuelmap::Fuelmap'
  Rocket.cpp
D:\code\codeProjects\rocketSimulation\Simulation\planet.hpp(11,8): error C3646: 'mesh': unknown override specifier
D:\code\codeProjects\rocketSimulation\Simulation\planet.hpp(11,12): error C4430: missing type specifier - int assumed. Note: C++ does not support default-int
D:\code\codeProjects\rocketSimulation\Simulation\planet.hpp(15,14): error C2061: syntax error: identifier 'Shape'
D:\code\codeProjects\rocketSimulation\Simulation\planet.hpp(17,51): error C2061: syntax error: identifier 'Shape'
D:\code\codeProjects\rocketSimulation\Simulation\planet.hpp(16,10): error C2065: 'mesh': undeclared identifier
D:\code\codeProjects\rocketSimulation\Simulation\planet.hpp(16,5): error C2614: 'Obstruction': illegal member initialization: 'mesh' is not a base or member
D:\code\codeProjects\rocketSimulation\Simulation\planet.hpp(18,45): error C2065: 'mesh': undeclared identifier
D:\code\codeProjects\rocketSimulation\Simulation\planet.hpp(18,40): error C2614: 'Obstruction': illegal member initialization: 'mesh' is not a base or member
D:\code\codeProjects\rocketSimulation\Simulation\planet.hpp(26,9): error C3646: '_ID': unknown override specifier
D:\code\codeProjects\rocketSimulation\Simulation\planet.hpp(26,12): error C4430: missing type specifier - int assumed. Note: C++ does not support default-int
D:\code\codeProjects\rocketSimulation\Simulation\planet.hpp(28,9): error C3646: '_mesh': unknown override specifier
D:\code\codeProjects\rocketSimulation\Simulation\planet.hpp(28,14): error C4430: missing type specifier - int assumed. Note: C++ does not support default-int
D:\code\codeProjects\rocketSimulation\Simulation\planet.hpp(31,2): error C7568: argument list missing after assumed function template 'Vector'
D:\code\codeProjects\rocketSimulation\Simulation\planet.hpp(32,2): error C7568: argument list missing after assumed function template 'ReadFile'
D:\code\codeProjects\rocketSimulation\Simulation\planet.hpp(39,19): error C3646: 'ID': unknown override specifier
D:\code\codeProjects\rocketSimulation\Simulation\planet.hpp(39,22): error C2059: syntax error: ')'
D:\code\codeProjects\rocketSimulation\Simulation\planet.hpp(39,38): error C2238: unexpected token(s) preceding ';'
D:\code\codeProjects\rocketSimulation\Simulation\planet.hpp(44,19): error C3646: 'mesh': unknown override specifier
D:\code\codeProjects\rocketSimulation\Simulation\planet.hpp(44,24): error C2059: syntax error: ')'
D:\code\codeProjects\rocketSimulation\Simulation\planet.hpp(44,40): error C2238: unexpected token(s) preceding ';'
D:\code\codeProjects\rocketSimulation\Simulation\planet.hpp(45,12): error C7568: argument list missing after assumed function template 'Vector'
D:\code\codeProjects\rocketSimulation\Simulation\planet.hpp(45): error C2062: type 'unknown-type' unexpected
D:\code\codeProjects\rocketSimulation\Simulation\planet.hpp(45,61): error C2238: unexpected token(s) preceding ';'
D:\code\codeProjects\rocketSimulation\Simulation\planet.hpp(54,22): error C7568: argument list missing after assumed function template 'Vector'
D:\code\codeProjects\rocketSimulation\Simulation\planet.hpp(58,16): error C2061: syntax error: identifier 'geographicCoordinate'
D:\code\codeProjects\rocketSimulation\Simulation\planet.hpp(59,26): error C2061: syntax error: identifier 'geographicCoordinate'
D:\code\codeProjects\rocketSimulation\Simulation\planet.hpp(60,26): error C2061: syntax error: identifier 'geographicCoordinate'
D:\code\codeProjects\rocketSimulation\Simulation\planet.hpp(92,54): error C4430: missing type specifier - int assumed. Note: C++ does not support default-int
D:\code\codeProjects\rocketSimulation\Simulation\planet.hpp(92,54): error C2143: syntax error: missing ',' before '&'
D:\code\codeProjects\rocketSimulation\Simulation\planet.hpp(93,60): error C4430: missing type specifier - int assumed. Note: C++ does not support default-int
D:\code\codeProjects\rocketSimulation\Simulation\planet.hpp(93,60): error C2143: syntax error: missing ',' before '&'
D:\code\codeProjects\rocketSimulation\Simulation\FileSystem\fileSystem.hpp(20,7): error C2182: 'writeError': illegal use of type 'void'
D:\code\codeProjects\rocketSimulation\Simulation\FileSystem\fileSystem.hpp(20,18): error C2065: 'error': undeclared identifier
D:\code\codeProjects\rocketSimulation\Simulation\FileSystem\fileSystem.hpp(20,24): error C2146: syntax error: missing ')' before identifier 'e'
D:\code\codeProjects\rocketSimulation\Simulation\FileSystem\Instructions.hpp(8,33): error C2061: syntax error: identifier 'Rocket'
D:\code\codeProjects\rocketSimulation\Simulation\FileSystem\Instructions.hpp(21,9): error C2143: syntax error: missing ';' before '*'
D:\code\codeProjects\rocketSimulation\Simulation\FileSystem\Instructions.hpp(21,9): error C4430: missing type specifier - int assumed. Note: C++ does not support default-int
D:\code\codeProjects\rocketSimulation\Simulation\FileSystem\Instructions.hpp(21,18): error C2238: unexpected token(s) preceding ';'
D:\code\codeProjects\rocketSimulation\Simulation\FileSystem\Instructions.hpp(24,7): error C2182: 'assignRocketInstructions': illegal use of type 'void'
D:\code\codeProjects\rocketSimulation\Simulation\FileSystem\Instructions.hpp(24,32): error C2065: 'Rocket': undeclared identifier
D:\code\codeProjects\rocketSimulation\Simulation\FileSystem\Instructions.hpp(24,40): error C2065: 'rocket': undeclared identifier
D:\code\codeProjects\rocketSimulation\Simulation\FileSystem\Instructions.hpp(24,48): error C2143: syntax error: missing ';' before '{'
D:\code\codeProjects\rocketSimulation\Simulation\FileSystem\Instructions.hpp(24,48): error C2447: '{': missing function header (old-style formal list?)
D:\code\codeProjects\rocketSimulation\Simulation\helpers\controles.hpp(94,4): error C2382: 'abs': redefinition; different exception specifications
C:\Program Files\Microsoft Visual Studio\2022\Community\VC\Tools\MSVC\14.30.30705\include\cstdlib(31): message : see declaration of 'abs'
D:\code\codeProjects\rocketSimulation\Simulation\helpers\controles.hpp(154,16): error C2065: 'Instructions': undeclared identifier
D:\code\codeProjects\rocketSimulation\Simulation\helpers\controles.hpp(154,9): error C2923: 'Database::Vector': 'Instructions' is not a valid template type argument for parameter 'T'
D:\code\codeProjects\rocketSimulation\Simulation\helpers\controles.hpp(154): message : see declaration of 'Instructions'
D:\code\codeProjects\rocketSimulation\Simulation\helpers\controles.hpp(154,43): error C2955: 'Database::Vector': use of class template requires template argument list
D:\code\codeProjects\rocketSimulation\externalLibs\database\include\Vector.hpp(8): message : see declaration of 'Database::Vector'
D:\code\codeProjects\rocketSimulation\Simulation\rocket\Rocket.cpp(12,26): error C3615: constexpr function 'Rocket::ID' cannot result in a constant expression
D:\code\codeProjects\rocketSimulation\Simulation\rocket\Rocket.cpp(12,26): message : failure was because type 'Database::String' is not a literal type
D:\code\codeProjects\rocketSimulation\externalLibs\database\include\String.hpp(12,22): message : type 'Database::String' is not a literal type because its data member 'stringVec' is of non-literal type 'Database::Vector<char>'
D:\code\codeProjects\rocketSimulation\externalLibs\database\include\Vector.hpp(23,10): message : type 'Database::Vector<char>' is not a literal type because it has a user-defined destructor
D:\code\codeProjects\rocketSimulation\Simulation\rocket\Rocket.cpp(14,2): message : failure was caused by call of undefined function or one not declared 'constexpr'
D:\code\codeProjects\rocketSimulation\Simulation\rocket\Rocket.cpp(14,2): message : see usage of 'Database::String::String'
D:\code\codeProjects\rocketSimulation\Simulation\rocket\Rocket.cpp(16,27): error C3615: constexpr function 'Rocket::pos' cannot result in a constant expression
D:\code\codeProjects\rocketSimulation\Simulation\rocket\Rocket.cpp(16,27): message : failure was because type 'Vector3' is not a literal type
D:\code\codeProjects\rocketSimulation\Simulation\helpers\Vector3.hpp(6,8): message : type 'Vector3' is not a literal type because it is not an aggregate type, a closure type, or does not have a constexpr constructor that is not a copy or move constructor
D:\code\codeProjects\rocketSimulation\Simulation\rocket\Rocket.cpp(20,27): error C3615: constexpr function 'Rocket::vel' cannot result in a constant expression
D:\code\codeProjects\rocketSimulation\Simulation\rocket\Rocket.cpp(20,27): message : failure was because type 'Vector3' is not a literal type
D:\code\codeProjects\rocketSimulation\Simulation\helpers\Vector3.hpp(6,8): message : type 'Vector3' is not a literal type because it is not an aggregate type, a closure type, or does not have a constexpr constructor that is not a copy or move constructor
D:\code\codeProjects\rocketSimulation\Simulation\rocket\Rocket.cpp(24,27): error C3615: constexpr function 'Rocket::acc' cannot result in a constant expression
D:\code\codeProjects\rocketSimulation\Simulation\rocket\Rocket.cpp(24,27): message : failure was because type 'Vector3' is not a literal type
D:\code\codeProjects\rocketSimulation\Simulation\helpers\Vector3.hpp(6,8): message : type 'Vector3' is not a literal type because it is not an aggregate type, a closure type, or does not have a constexpr constructor that is not a copy or move constructor
D:\code\codeProjects\rocketSimulation\Simulation\rocket\Rocket.cpp(28,30): error C3615: constexpr function 'Rocket::orientation' cannot result in a constant expression
D:\code\codeProjects\rocketSimulation\Simulation\rocket\Rocket.cpp(28,30): message : failure was because type 'Quaternion' is not a literal type
D:\code\codeProjects\rocketSimulation\Simulation\helpers\Quaternion.hpp(5,8): message : type 'Quaternion' is not a literal type because it is not an aggregate type, a closure type, or does not have a constexpr constructor that is not a copy or move constructor
D:\code\codeProjects\rocketSimulation\Simulation\rocket\Rocket.cpp(32,30): error C3615: constexpr function 'Rocket::rotationVel' cannot result in a constant expression
D:\code\codeProjects\rocketSimulation\Simulation\rocket\Rocket.cpp(32,30): message : failure was because type 'Quaternion' is not a literal type
D:\code\codeProjects\rocketSimulation\Simulation\helpers\Quaternion.hpp(5,8): message : type 'Quaternion' is not a literal type because it is not an aggregate type, a closure type, or does not have a constexpr constructor that is not a copy or move constructor
D:\code\codeProjects\rocketSimulation\Simulation\rocket\Rocket.cpp(36,30): error C3615: constexpr function 'Rocket::rotationAcc' cannot result in a constant expression
D:\code\codeProjects\rocketSimulation\Simulation\rocket\Rocket.cpp(36,30): message : failure was because type 'Quaternion' is not a literal type
D:\code\codeProjects\rocketSimulation\Simulation\helpers\Quaternion.hpp(5,8): message : type 'Quaternion' is not a literal type because it is not an aggregate type, a closure type, or does not have a constexpr constructor that is not a copy or move constructor
D:\code\codeProjects\rocketSimulation\Simulation\rocket\Rocket.cpp(40,22): error C3615: constexpr function 'Rocket::mass' cannot result in a constant expression
D:\code\codeProjects\rocketSimulation\Simulation\rocket\Rocket.cpp(46): message : failure was caused by control reaching the end of a constexpr function
D:\code\codeProjects\rocketSimulation\Simulation\rocket\Rocket.cpp(51,39): error C3615: constexpr function 'Rocket::stages' cannot result in a constant expression
D:\code\codeProjects\rocketSimulation\Simulation\rocket\Rocket.cpp(51,39): message : failure was because type 'Database::Vector<RocketStage>' is not a literal type
D:\code\codeProjects\rocketSimulation\externalLibs\database\include\Vector.hpp(23,10): message : type 'Database::Vector<RocketStage>' is not a literal type because it has a user-defined destructor
D:\code\codeProjects\rocketSimulation\Simulation\rocket\Rocket.cpp(103,33): error C2572: 'Rocket::burn': redefinition of default argument: parameter 1
D:\code\codeProjects\rocketSimulation\Simulation\rocket\Rocket.hpp(35): message : see declaration of 'Rocket::burn'
D:\code\codeProjects\rocketSimulation\Simulation\rocket\Rocket.cpp(103,61): error C2572: 'Rocket::burn': redefinition of default argument: parameter 2
D:\code\codeProjects\rocketSimulation\Simulation\rocket\Rocket.hpp(35): message : see declaration of 'Rocket::burn'
D:\code\codeProjects\rocketSimulation\Simulation\rocket\Rocket.cpp(112,45): error C2572: 'Rocket::shutdown': redefinition of default argument: parameter 1
D:\code\codeProjects\rocketSimulation\Simulation\rocket\Rocket.hpp(36): message : see declaration of 'Rocket::shutdown'
D:\code\codeProjects\rocketSimulation\Simulation\rocket\Rocket.cpp(170,62): error C2664: 'const FixedOrbitPlanet *fixedOrbitPlanetSearch(const int) noexcept': cannot convert argument 1 from 'const Database::String' to 'const int'
D:\code\codeProjects\rocketSimulation\Simulation\rocket\Rocket.cpp(170,54): message : No user-defined-conversion operator available that can perform this conversion, or the operator cannot be called
D:\code\codeProjects\rocketSimulation\Simulation\planet.hpp(93,25): message : see declaration of 'fixedOrbitPlanetSearch'
D:\code\codeProjects\rocketSimulation\Simulation\rocket\Rocket.cpp(177,56): error C2664: 'const PhysicsPlanet *physicsPlanetSearch(const int) noexcept': cannot convert argument 1 from 'const Database::String' to 'const int'
D:\code\codeProjects\rocketSimulation\Simulation\rocket\Rocket.cpp(177,48): message : No user-defined-conversion operator available that can perform this conversion, or the operator cannot be called
D:\code\codeProjects\rocketSimulation\Simulation\planet.hpp(92,22): message : see declaration of 'physicsPlanetSearch'
D:\code\codeProjects\rocketSimulation\Simulation\rocket\Rocket.cpp(222,33): error C2660: 'Planet::point': function does not take 1 arguments
D:\code\codeProjects\rocketSimulation\Simulation\planet.hpp(58,10): message : see declaration of 'Planet::point'
D:\code\codeProjects\rocketSimulation\Simulation\rocket\Rocket.cpp(223,43): error C2660: 'Planet::velosityAtPoint': function does not take 1 arguments
D:\code\codeProjects\rocketSimulation\Simulation\planet.hpp(59,10): message : see declaration of 'Planet::velosityAtPoint'
D:\code\codeProjects\rocketSimulation\Simulation\rocket\Rocket.cpp(224,51): error C2660: 'Planet::getUpAtpoint': function does not take 1 arguments
D:\code\codeProjects\rocketSimulation\Simulation\planet.hpp(60,13): message : see declaration of 'Planet::getUpAtpoint'
D:\code\codeProjects\rocketSimulation\Simulation\rocket\Rocket.cpp(233,33): error C2660: 'Planet::point': function does not take 1 arguments
D:\code\codeProjects\rocketSimulation\Simulation\planet.hpp(58,10): message : see declaration of 'Planet::point'
D:\code\codeProjects\rocketSimulation\Simulation\rocket\Rocket.cpp(234,43): error C2660: 'Planet::velosityAtPoint': function does not take 1 arguments
D:\code\codeProjects\rocketSimulation\Simulation\planet.hpp(59,10): message : see declaration of 'Planet::velosityAtPoint'
D:\code\codeProjects\rocketSimulation\Simulation\rocket\Rocket.cpp(235,51): error C2660: 'Planet::getUpAtpoint': function does not take 1 arguments
D:\code\codeProjects\rocketSimulation\Simulation\planet.hpp(60,13): message : see declaration of 'Planet::getUpAtpoint'
  RocketStage.cpp
D:\code\codeProjects\rocketSimulation\Simulation\planet.hpp(11,8): error C3646: 'mesh': unknown override specifier
D:\code\codeProjects\rocketSimulation\Simulation\planet.hpp(11,12): error C4430: missing type specifier - int assumed. Note: C++ does not support default-int
D:\code\codeProjects\rocketSimulation\Simulation\planet.hpp(15,14): error C2061: syntax error: identifier 'Shape'
D:\code\codeProjects\rocketSimulation\Simulation\planet.hpp(17,51): error C2061: syntax error: identifier 'Shape'
D:\code\codeProjects\rocketSimulation\Simulation\planet.hpp(16,10): error C2065: 'mesh': undeclared identifier
D:\code\codeProjects\rocketSimulation\Simulation\planet.hpp(16,5): error C2614: 'Obstruction': illegal member initialization: 'mesh' is not a base or member
D:\code\codeProjects\rocketSimulation\Simulation\planet.hpp(18,45): error C2065: 'mesh': undeclared identifier
D:\code\codeProjects\rocketSimulation\Simulation\planet.hpp(18,40): error C2614: 'Obstruction': illegal member initialization: 'mesh' is not a base or member
D:\code\codeProjects\rocketSimulation\Simulation\planet.hpp(26,9): error C3646: '_ID': unknown override specifier
D:\code\codeProjects\rocketSimulation\Simulation\planet.hpp(26,12): error C4430: missing type specifier - int assumed. Note: C++ does not support default-int
D:\code\codeProjects\rocketSimulation\Simulation\planet.hpp(28,9): error C3646: '_mesh': unknown override specifier
D:\code\codeProjects\rocketSimulation\Simulation\planet.hpp(28,14): error C4430: missing type specifier - int assumed. Note: C++ does not support default-int
D:\code\codeProjects\rocketSimulation\Simulation\planet.hpp(31,2): error C7568: argument list missing after assumed function template 'Vector'
D:\code\codeProjects\rocketSimulation\Simulation\planet.hpp(32,2): error C7568: argument list missing after assumed function template 'ReadFile'
D:\code\codeProjects\rocketSimulation\Simulation\planet.hpp(39,19): error C3646: 'ID': unknown override specifier
D:\code\codeProjects\rocketSimulation\Simulation\planet.hpp(39,22): error C2059: syntax error: ')'
D:\code\codeProjects\rocketSimulation\Simulation\planet.hpp(39,38): error C2238: unexpected token(s) preceding ';'
D:\code\codeProjects\rocketSimulation\Simulation\planet.hpp(44,19): error C3646: 'mesh': unknown override specifier
D:\code\codeProjects\rocketSimulation\Simulation\planet.hpp(44,24): error C2059: syntax error: ')'
D:\code\codeProjects\rocketSimulation\Simulation\planet.hpp(44,40): error C2238: unexpected token(s) preceding ';'
D:\code\codeProjects\rocketSimulation\Simulation\planet.hpp(45,12): error C7568: argument list missing after assumed function template 'Vector'
D:\code\codeProjects\rocketSimulation\Simulation\planet.hpp(45): error C2062: type 'unknown-type' unexpected
D:\code\codeProjects\rocketSimulation\Simulation\planet.hpp(45,61): error C2238: unexpected token(s) preceding ';'
D:\code\codeProjects\rocketSimulation\Simulation\planet.hpp(54,22): error C7568: argument list missing after assumed function template 'Vector'
D:\code\codeProjects\rocketSimulation\Simulation\planet.hpp(58,16): error C2061: syntax error: identifier 'geographicCoordinate'
D:\code\codeProjects\rocketSimulation\Simulation\planet.hpp(59,26): error C2061: syntax error: identifier 'geographicCoordinate'
D:\code\codeProjects\rocketSimulation\Simulation\planet.hpp(60,26): error C2061: syntax error: identifier 'geographicCoordinate'
D:\code\codeProjects\rocketSimulation\Simulation\planet.hpp(92,54): error C4430: missing type specifier - int assumed. Note: C++ does not support default-int
D:\code\codeProjects\rocketSimulation\Simulation\planet.hpp(92,54): error C2143: syntax error: missing ',' before '&'
D:\code\codeProjects\rocketSimulation\Simulation\planet.hpp(93,60): error C4430: missing type specifier - int assumed. Note: C++ does not support default-int
D:\code\codeProjects\rocketSimulation\Simulation\planet.hpp(93,60): error C2143: syntax error: missing ',' before '&'
D:\code\codeProjects\rocketSimulation\Simulation\FileSystem\fileSystem.hpp(20,7): error C2182: 'writeError': illegal use of type 'void'
D:\code\codeProjects\rocketSimulation\Simulation\FileSystem\fileSystem.hpp(20,18): error C2065: 'error': undeclared identifier
D:\code\codeProjects\rocketSimulation\Simulation\FileSystem\fileSystem.hpp(20,24): error C2146: syntax error: missing ')' before identifier 'e'
D:\code\codeProjects\rocketSimulation\Simulation\FileSystem\Instructions.hpp(8,33): error C2061: syntax error: identifier 'Rocket'
D:\code\codeProjects\rocketSimulation\Simulation\FileSystem\Instructions.hpp(21,9): error C2143: syntax error: missing ';' before '*'
D:\code\codeProjects\rocketSimulation\Simulation\FileSystem\Instructions.hpp(21,9): error C4430: missing type specifier - int assumed. Note: C++ does not support default-int
D:\code\codeProjects\rocketSimulation\Simulation\FileSystem\Instructions.hpp(21,18): error C2238: unexpected token(s) preceding ';'
D:\code\codeProjects\rocketSimulation\Simulation\FileSystem\Instructions.hpp(24,7): error C2182: 'assignRocketInstructions': illegal use of type 'void'
D:\code\codeProjects\rocketSimulation\Simulation\FileSystem\Instructions.hpp(24,32): error C2065: 'Rocket': undeclared identifier
D:\code\codeProjects\rocketSimulation\Simulation\FileSystem\Instructions.hpp(24,40): error C2065: 'rocket': undeclared identifier
D:\code\codeProjects\rocketSimulation\Simulation\FileSystem\Instructions.hpp(24,48): error C2143: syntax error: missing ';' before '{'
D:\code\codeProjects\rocketSimulation\Simulation\FileSystem\Instructions.hpp(24,48): error C2447: '{': missing function header (old-style formal list?)
D:\code\codeProjects\rocketSimulation\Simulation\helpers\controles.hpp(94,4): error C2382: 'abs': redefinition; different exception specifications
C:\Program Files\Microsoft Visual Studio\2022\Community\VC\Tools\MSVC\14.30.30705\include\cstdlib(31): message : see declaration of 'abs'
D:\code\codeProjects\rocketSimulation\Simulation\helpers\controles.hpp(154,16): error C2065: 'Instructions': undeclared identifier
D:\code\codeProjects\rocketSimulation\Simulation\helpers\controles.hpp(154,9): error C2923: 'Database::Vector': 'Instructions' is not a valid template type argument for parameter 'T'
D:\code\codeProjects\rocketSimulation\Simulation\helpers\controles.hpp(154): message : see declaration of 'Instructions'
D:\code\codeProjects\rocketSimulation\Simulation\helpers\controles.hpp(154,43): error C2955: 'Database::Vector': use of class template requires template argument list
D:\code\codeProjects\rocketSimulation\externalLibs\database\include\Vector.hpp(8): message : see declaration of 'Database::Vector'
D:\code\codeProjects\rocketSimulation\Simulation\rocket\RocketStage.cpp(3,10): fatal error C1083: Cannot open include file: 'planet.hpp': No such file or directory
  Generating Code...
